{"/media/oem/data/nodejs/notification/controllerServer/api.js": {"path":"/media/oem/data/nodejs/notification/controllerServer/api.js","statementMap":{"0":{"start":{"line":1,"column":14},"end":{"line":1,"column":30}},"1":{"start":{"line":2,"column":22},"end":{"line":2,"column":47}},"2":{"start":{"line":3,"column":19},"end":{"line":3,"column":46}},"3":{"start":{"line":10,"column":14},"end":{"line":10,"column":41}},"4":{"start":{"line":30,"column":6},"end":{"line":30,"column":9}},"5":{"start":{"line":33,"column":19},"end":{"line":33,"column":46}},"6":{"start":{"line":34,"column":21},"end":{"line":34,"column":66}},"7":{"start":{"line":35,"column":21},"end":{"line":35,"column":58}},"8":{"start":{"line":36,"column":17},"end":{"line":36,"column":41}},"9":{"start":{"line":37,"column":15},"end":{"line":37,"column":37}},"10":{"start":{"line":39,"column":24},"end":{"line":44,"column":3}},"11":{"start":{"line":46,"column":2},"end":{"line":48,"column":3}},"12":{"start":{"line":47,"column":4},"end":{"line":47,"column":30}},"13":{"start":{"line":50,"column":24},"end":{"line":50,"column":71}},"14":{"start":{"line":51,"column":21},"end":{"line":51,"column":48}},"15":{"start":{"line":52,"column":24},"end":{"line":52,"column":57}},"16":{"start":{"line":53,"column":24},"end":{"line":53,"column":57}},"17":{"start":{"line":55,"column":2},"end":{"line":63,"column":3}},"18":{"start":{"line":56,"column":4},"end":{"line":56,"column":56}},"19":{"start":{"line":57,"column":4},"end":{"line":57,"column":65}},"20":{"start":{"line":58,"column":9},"end":{"line":63,"column":3}},"21":{"start":{"line":59,"column":4},"end":{"line":62,"column":6}},"22":{"start":{"line":65,"column":2},"end":{"line":65,"column":23}},"23":{"start":{"line":74,"column":2},"end":{"line":87,"column":3}},"24":{"start":{"line":75,"column":26},"end":{"line":75,"column":58}},"25":{"start":{"line":76,"column":21},"end":{"line":76,"column":47}},"26":{"start":{"line":77,"column":15},"end":{"line":77,"column":62}},"27":{"start":{"line":78,"column":4},"end":{"line":82,"column":5}},"28":{"start":{"line":79,"column":6},"end":{"line":79,"column":59}},"29":{"start":{"line":81,"column":6},"end":{"line":81,"column":78}},"30":{"start":{"line":83,"column":4},"end":{"line":83,"column":110}},"31":{"start":{"line":85,"column":4},"end":{"line":85,"column":76}},"32":{"start":{"line":86,"column":4},"end":{"line":86,"column":73}},"33":{"start":{"line":95,"column":2},"end":{"line":95,"column":38}},"34":{"start":{"line":95,"column":21},"end":{"line":95,"column":38}},"35":{"start":{"line":96,"column":17},"end":{"line":96,"column":19}},"36":{"start":{"line":98,"column":2},"end":{"line":105,"column":5}},"37":{"start":{"line":99,"column":15},"end":{"line":99,"column":39}},"38":{"start":{"line":101,"column":4},"end":{"line":104,"column":5}},"39":{"start":{"line":102,"column":6},"end":{"line":103,"column":61}},"40":{"start":{"line":102,"column":16},"end":{"line":102,"column":34}},"41":{"start":{"line":103,"column":11},"end":{"line":103,"column":61}},"42":{"start":{"line":103,"column":35},"end":{"line":103,"column":61}},"43":{"start":{"line":106,"column":12},"end":{"line":106,"column":15}},"44":{"start":{"line":107,"column":2},"end":{"line":110,"column":3}},"45":{"start":{"line":108,"column":4},"end":{"line":108,"column":60}},"46":{"start":{"line":108,"column":43},"end":{"line":108,"column":60}},"47":{"start":{"line":109,"column":4},"end":{"line":109,"column":19}},"48":{"start":{"line":111,"column":2},"end":{"line":111,"column":13}},"49":{"start":{"line":121,"column":14},"end":{"line":121,"column":41}},"50":{"start":{"line":133,"column":6},"end":{"line":133,"column":9}},"51":{"start":{"line":136,"column":20},"end":{"line":136,"column":50}},"52":{"start":{"line":137,"column":17},"end":{"line":137,"column":41}},"53":{"start":{"line":138,"column":24},"end":{"line":138,"column":62}},"54":{"start":{"line":139,"column":20},"end":{"line":139,"column":50}},"55":{"start":{"line":140,"column":22},"end":{"line":140,"column":56}},"56":{"start":{"line":142,"column":14},"end":{"line":142,"column":38}},"57":{"start":{"line":143,"column":2},"end":{"line":147,"column":3}},"58":{"start":{"line":144,"column":4},"end":{"line":146,"column":20}},"59":{"start":{"line":144,"column":29},"end":{"line":144,"column":42}},"60":{"start":{"line":145,"column":9},"end":{"line":146,"column":20}},"61":{"start":{"line":145,"column":41},"end":{"line":145,"column":60}},"62":{"start":{"line":146,"column":9},"end":{"line":146,"column":20}},"63":{"start":{"line":149,"column":2},"end":{"line":155,"column":6}},"64":{"start":{"line":149,"column":28},"end":{"line":155,"column":3}},"65":{"start":{"line":158,"column":0},"end":{"line":162,"column":2}}},"fnMap":{"0":{"name":"buildRequestConfig","decl":{"start":{"line":9,"column":9},"end":{"line":9,"column":27}},"loc":{"start":{"line":9,"column":49},"end":{"line":66,"column":1}},"line":9},"1":{"name":"fetchTransactions","decl":{"start":{"line":73,"column":15},"end":{"line":73,"column":32}},"loc":{"start":{"line":73,"column":54},"end":{"line":88,"column":1}},"line":73},"2":{"name":"getPath","decl":{"start":{"line":94,"column":9},"end":{"line":94,"column":16}},"loc":{"start":{"line":94,"column":28},"end":{"line":112,"column":1}},"line":94},"3":{"name":"(anonymous_3)","decl":{"start":{"line":98,"column":26},"end":{"line":98,"column":27}},"loc":{"start":{"line":98,"column":34},"end":{"line":105,"column":3}},"line":98},"4":{"name":"mapItemsFromData","decl":{"start":{"line":120,"column":9},"end":{"line":120,"column":25}},"loc":{"start":{"line":120,"column":53},"end":{"line":156,"column":1}},"line":120},"5":{"name":"(anonymous_5)","decl":{"start":{"line":149,"column":19},"end":{"line":149,"column":20}},"loc":{"start":{"line":149,"column":28},"end":{"line":155,"column":3}},"line":149}},"branchMap":{"0":{"loc":{"start":{"line":9,"column":28},"end":{"line":9,"column":47}},"type":"default-arg","locations":[{"start":{"line":9,"column":43},"end":{"line":9,"column":47}}],"line":9},"1":{"loc":{"start":{"line":10,"column":14},"end":{"line":10,"column":41}},"type":"binary-expr","locations":[{"start":{"line":10,"column":14},"end":{"line":10,"column":26}},{"start":{"line":10,"column":30},"end":{"line":10,"column":41}}],"line":10},"2":{"loc":{"start":{"line":33,"column":19},"end":{"line":33,"column":46}},"type":"binary-expr","locations":[{"start":{"line":33,"column":19},"end":{"line":33,"column":30}},{"start":{"line":33,"column":34},"end":{"line":33,"column":46}}],"line":33},"3":{"loc":{"start":{"line":34,"column":22},"end":{"line":34,"column":51}},"type":"binary-expr","locations":[{"start":{"line":34,"column":22},"end":{"line":34,"column":28}},{"start":{"line":34,"column":32},"end":{"line":34,"column":42}},{"start":{"line":34,"column":46},"end":{"line":34,"column":51}}],"line":34},"4":{"loc":{"start":{"line":35,"column":27},"end":{"line":35,"column":55}},"type":"binary-expr","locations":[{"start":{"line":35,"column":27},"end":{"line":35,"column":34}},{"start":{"line":35,"column":38},"end":{"line":35,"column":49}},{"start":{"line":35,"column":53},"end":{"line":35,"column":55}}],"line":35},"5":{"loc":{"start":{"line":36,"column":17},"end":{"line":36,"column":41}},"type":"binary-expr","locations":[{"start":{"line":36,"column":17},"end":{"line":36,"column":22}},{"start":{"line":36,"column":26},"end":{"line":36,"column":35}},{"start":{"line":36,"column":39},"end":{"line":36,"column":41}}],"line":36},"6":{"loc":{"start":{"line":37,"column":15},"end":{"line":37,"column":37}},"type":"binary-expr","locations":[{"start":{"line":37,"column":15},"end":{"line":37,"column":19}},{"start":{"line":37,"column":23},"end":{"line":37,"column":31}},{"start":{"line":37,"column":35},"end":{"line":37,"column":37}}],"line":37},"7":{"loc":{"start":{"line":46,"column":2},"end":{"line":48,"column":3}},"type":"if","locations":[{"start":{"line":46,"column":2},"end":{"line":48,"column":3}},{"start":{},"end":{}}],"line":46},"8":{"loc":{"start":{"line":50,"column":25},"end":{"line":50,"column":56}},"type":"binary-expr","locations":[{"start":{"line":50,"column":25},"end":{"line":50,"column":33}},{"start":{"line":50,"column":37},"end":{"line":50,"column":50}},{"start":{"line":50,"column":54},"end":{"line":50,"column":56}}],"line":50},"9":{"loc":{"start":{"line":51,"column":21},"end":{"line":51,"column":48}},"type":"binary-expr","locations":[{"start":{"line":51,"column":21},"end":{"line":51,"column":30}},{"start":{"line":51,"column":34},"end":{"line":51,"column":48}}],"line":51},"10":{"loc":{"start":{"line":52,"column":24},"end":{"line":52,"column":57}},"type":"binary-expr","locations":[{"start":{"line":52,"column":24},"end":{"line":52,"column":36}},{"start":{"line":52,"column":40},"end":{"line":52,"column":57}}],"line":52},"11":{"loc":{"start":{"line":53,"column":24},"end":{"line":53,"column":57}},"type":"binary-expr","locations":[{"start":{"line":53,"column":24},"end":{"line":53,"column":36}},{"start":{"line":53,"column":40},"end":{"line":53,"column":57}}],"line":53},"12":{"loc":{"start":{"line":55,"column":2},"end":{"line":63,"column":3}},"type":"if","locations":[{"start":{"line":55,"column":2},"end":{"line":63,"column":3}},{"start":{"line":58,"column":9},"end":{"line":63,"column":3}}],"line":55},"13":{"loc":{"start":{"line":55,"column":6},"end":{"line":55,"column":46}},"type":"binary-expr","locations":[{"start":{"line":55,"column":6},"end":{"line":55,"column":32}},{"start":{"line":55,"column":36},"end":{"line":55,"column":46}}],"line":55},"14":{"loc":{"start":{"line":56,"column":28},"end":{"line":56,"column":55}},"type":"binary-expr","locations":[{"start":{"line":56,"column":28},"end":{"line":56,"column":49}},{"start":{"line":56,"column":53},"end":{"line":56,"column":55}}],"line":56},"15":{"loc":{"start":{"line":58,"column":9},"end":{"line":63,"column":3}},"type":"if","locations":[{"start":{"line":58,"column":9},"end":{"line":63,"column":3}},{"start":{},"end":{}}],"line":58},"16":{"loc":{"start":{"line":58,"column":13},"end":{"line":58,"column":55}},"type":"binary-expr","locations":[{"start":{"line":58,"column":13},"end":{"line":58,"column":38}},{"start":{"line":58,"column":42},"end":{"line":58,"column":55}}],"line":58},"17":{"loc":{"start":{"line":61,"column":16},"end":{"line":61,"column":35}},"type":"binary-expr","locations":[{"start":{"line":61,"column":16},"end":{"line":61,"column":29}},{"start":{"line":61,"column":33},"end":{"line":61,"column":35}}],"line":61},"18":{"loc":{"start":{"line":73,"column":33},"end":{"line":73,"column":52}},"type":"default-arg","locations":[{"start":{"line":73,"column":48},"end":{"line":73,"column":52}}],"line":73},"19":{"loc":{"start":{"line":77,"column":15},"end":{"line":77,"column":62}},"type":"binary-expr","locations":[{"start":{"line":77,"column":15},"end":{"line":77,"column":37}},{"start":{"line":77,"column":41},"end":{"line":77,"column":62}}],"line":77},"20":{"loc":{"start":{"line":78,"column":4},"end":{"line":82,"column":5}},"type":"if","locations":[{"start":{"line":78,"column":4},"end":{"line":82,"column":5}},{"start":{"line":80,"column":11},"end":{"line":82,"column":5}}],"line":78},"21":{"loc":{"start":{"line":83,"column":70},"end":{"line":83,"column":107}},"type":"cond-expr","locations":[{"start":{"line":83,"column":75},"end":{"line":83,"column":79}},{"start":{"line":83,"column":82},"end":{"line":83,"column":107}}],"line":83},"22":{"loc":{"start":{"line":95,"column":2},"end":{"line":95,"column":38}},"type":"if","locations":[{"start":{"line":95,"column":2},"end":{"line":95,"column":38}},{"start":{},"end":{}}],"line":95},"23":{"loc":{"start":{"line":95,"column":6},"end":{"line":95,"column":19}},"type":"binary-expr","locations":[{"start":{"line":95,"column":6},"end":{"line":95,"column":10}},{"start":{"line":95,"column":14},"end":{"line":95,"column":19}}],"line":95},"24":{"loc":{"start":{"line":102,"column":6},"end":{"line":103,"column":61}},"type":"if","locations":[{"start":{"line":102,"column":6},"end":{"line":103,"column":61}},{"start":{"line":103,"column":11},"end":{"line":103,"column":61}}],"line":102},"25":{"loc":{"start":{"line":103,"column":11},"end":{"line":103,"column":61}},"type":"if","locations":[{"start":{"line":103,"column":11},"end":{"line":103,"column":61}},{"start":{},"end":{}}],"line":103},"26":{"loc":{"start":{"line":108,"column":4},"end":{"line":108,"column":60}},"type":"if","locations":[{"start":{"line":108,"column":4},"end":{"line":108,"column":60}},{"start":{},"end":{}}],"line":108},"27":{"loc":{"start":{"line":108,"column":8},"end":{"line":108,"column":41}},"type":"binary-expr","locations":[{"start":{"line":108,"column":8},"end":{"line":108,"column":20}},{"start":{"line":108,"column":24},"end":{"line":108,"column":41}}],"line":108},"28":{"loc":{"start":{"line":120,"column":32},"end":{"line":120,"column":51}},"type":"default-arg","locations":[{"start":{"line":120,"column":47},"end":{"line":120,"column":51}}],"line":120},"29":{"loc":{"start":{"line":121,"column":14},"end":{"line":121,"column":41}},"type":"binary-expr","locations":[{"start":{"line":121,"column":14},"end":{"line":121,"column":26}},{"start":{"line":121,"column":30},"end":{"line":121,"column":41}}],"line":121},"30":{"loc":{"start":{"line":136,"column":20},"end":{"line":136,"column":50}},"type":"binary-expr","locations":[{"start":{"line":136,"column":20},"end":{"line":136,"column":32}},{"start":{"line":136,"column":36},"end":{"line":136,"column":50}}],"line":136},"31":{"loc":{"start":{"line":137,"column":17},"end":{"line":137,"column":41}},"type":"binary-expr","locations":[{"start":{"line":137,"column":17},"end":{"line":137,"column":26}},{"start":{"line":137,"column":30},"end":{"line":137,"column":41}}],"line":137},"32":{"loc":{"start":{"line":138,"column":24},"end":{"line":138,"column":62}},"type":"binary-expr","locations":[{"start":{"line":138,"column":24},"end":{"line":138,"column":40}},{"start":{"line":138,"column":44},"end":{"line":138,"column":62}}],"line":138},"33":{"loc":{"start":{"line":139,"column":20},"end":{"line":139,"column":50}},"type":"binary-expr","locations":[{"start":{"line":139,"column":20},"end":{"line":139,"column":32}},{"start":{"line":139,"column":36},"end":{"line":139,"column":50}}],"line":139},"34":{"loc":{"start":{"line":140,"column":22},"end":{"line":140,"column":56}},"type":"binary-expr","locations":[{"start":{"line":140,"column":22},"end":{"line":140,"column":36}},{"start":{"line":140,"column":40},"end":{"line":140,"column":56}}],"line":140},"35":{"loc":{"start":{"line":143,"column":2},"end":{"line":147,"column":3}},"type":"if","locations":[{"start":{"line":143,"column":2},"end":{"line":147,"column":3}},{"start":{},"end":{}}],"line":143},"36":{"loc":{"start":{"line":144,"column":4},"end":{"line":146,"column":20}},"type":"if","locations":[{"start":{"line":144,"column":4},"end":{"line":146,"column":20}},{"start":{"line":145,"column":9},"end":{"line":146,"column":20}}],"line":144},"37":{"loc":{"start":{"line":145,"column":9},"end":{"line":146,"column":20}},"type":"if","locations":[{"start":{"line":145,"column":9},"end":{"line":146,"column":20}},{"start":{"line":146,"column":9},"end":{"line":146,"column":20}}],"line":145},"38":{"loc":{"start":{"line":152,"column":11},"end":{"line":152,"column":59}},"type":"cond-expr","locations":[{"start":{"line":152,"column":23},"end":{"line":152,"column":47}},{"start":{"line":152,"column":50},"end":{"line":152,"column":59}}],"line":152},"39":{"loc":{"start":{"line":153,"column":13},"end":{"line":153,"column":65}},"type":"cond-expr","locations":[{"start":{"line":153,"column":27},"end":{"line":153,"column":53}},{"start":{"line":153,"column":56},"end":{"line":153,"column":65}}],"line":153}},"s":{"0":0,"1":0,"2":0,"3":0,"4":0,"5":0,"6":0,"7":0,"8":0,"9":0,"10":0,"11":0,"12":0,"13":0,"14":0,"15":0,"16":0,"17":0,"18":0,"19":0,"20":0,"21":0,"22":0,"23":0,"24":0,"25":0,"26":0,"27":0,"28":0,"29":0,"30":0,"31":0,"32":0,"33":0,"34":0,"35":0,"36":0,"37":0,"38":0,"39":0,"40":0,"41":0,"42":0,"43":0,"44":0,"45":0,"46":0,"47":0,"48":0,"49":0,"50":0,"51":0,"52":0,"53":0,"54":0,"55":0,"56":0,"57":0,"58":0,"59":0,"60":0,"61":0,"62":0,"63":0,"64":0,"65":0},"f":{"0":0,"1":0,"2":0,"3":0,"4":0,"5":0},"b":{"0":[0],"1":[0,0],"2":[0,0],"3":[0,0,0],"4":[0,0,0],"5":[0,0,0],"6":[0,0,0],"7":[0,0],"8":[0,0,0],"9":[0,0],"10":[0,0],"11":[0,0],"12":[0,0],"13":[0,0],"14":[0,0],"15":[0,0],"16":[0,0],"17":[0,0],"18":[0],"19":[0,0],"20":[0,0],"21":[0,0],"22":[0,0],"23":[0,0],"24":[0,0],"25":[0,0],"26":[0,0],"27":[0,0],"28":[0],"29":[0,0],"30":[0,0],"31":[0,0],"32":[0,0],"33":[0,0],"34":[0,0],"35":[0,0],"36":[0,0],"37":[0,0],"38":[0,0],"39":[0,0]}}
,"/media/oem/data/nodejs/notification/controllerServer/config-endpoints.js": {"path":"/media/oem/data/nodejs/notification/controllerServer/config-endpoints.js","statementMap":{"0":{"start":{"line":1,"column":50},"end":{"line":1,"column":69}},"1":{"start":{"line":9,"column":25},"end":{"line":9,"column":45}},"2":{"start":{"line":10,"column":2},"end":{"line":12,"column":3}},"3":{"start":{"line":11,"column":4},"end":{"line":11,"column":106}},"4":{"start":{"line":13,"column":2},"end":{"line":13,"column":24}},"5":{"start":{"line":21,"column":2},"end":{"line":21,"column":38}},"6":{"start":{"line":30,"column":2},"end":{"line":30,"column":68}},"7":{"start":{"line":38,"column":2},"end":{"line":38,"column":25}},"8":{"start":{"line":41,"column":0},"end":{"line":47,"column":2}}},"fnMap":{"0":{"name":"getEndpointConfig","decl":{"start":{"line":8,"column":9},"end":{"line":8,"column":26}},"loc":{"start":{"line":8,"column":55},"end":{"line":14,"column":1}},"line":8},"1":{"name":"getAvailableEndpoints","decl":{"start":{"line":20,"column":9},"end":{"line":20,"column":30}},"loc":{"start":{"line":20,"column":33},"end":{"line":22,"column":1}},"line":20},"2":{"name":"endpointExists","decl":{"start":{"line":29,"column":9},"end":{"line":29,"column":23}},"loc":{"start":{"line":29,"column":29},"end":{"line":31,"column":1}},"line":29},"3":{"name":"getAllEndpoints","decl":{"start":{"line":37,"column":9},"end":{"line":37,"column":24}},"loc":{"start":{"line":37,"column":27},"end":{"line":39,"column":1}},"line":37}},"branchMap":{"0":{"loc":{"start":{"line":8,"column":27},"end":{"line":8,"column":53}},"type":"default-arg","locations":[{"start":{"line":8,"column":33},"end":{"line":8,"column":53}}],"line":8},"1":{"loc":{"start":{"line":10,"column":2},"end":{"line":12,"column":3}},"type":"if","locations":[{"start":{"line":10,"column":2},"end":{"line":12,"column":3}},{"start":{},"end":{}}],"line":10}},"s":{"0":0,"1":0,"2":0,"3":0,"4":0,"5":0,"6":0,"7":0,"8":0},"f":{"0":0,"1":0,"2":0,"3":0},"b":{"0":[0],"1":[0,0]}}
,"/media/oem/data/nodejs/notification/controllerServer/config-store.js": {"path":"/media/oem/data/nodejs/notification/controllerServer/config-store.js","statementMap":{"0":{"start":{"line":1,"column":11},"end":{"line":1,"column":24}},"1":{"start":{"line":2,"column":13},"end":{"line":2,"column":28}},"2":{"start":{"line":3,"column":19},"end":{"line":3,"column":38}},"3":{"start":{"line":5,"column":21},"end":{"line":5,"column":62}},"4":{"start":{"line":8,"column":2},"end":{"line":14,"column":3}},"5":{"start":{"line":9,"column":4},"end":{"line":11,"column":5}},"6":{"start":{"line":10,"column":6},"end":{"line":10,"column":63}},"7":{"start":{"line":13,"column":4},"end":{"line":13,"column":66}},"8":{"start":{"line":15,"column":2},"end":{"line":15,"column":12}},"9":{"start":{"line":19,"column":2},"end":{"line":23,"column":3}},"10":{"start":{"line":20,"column":4},"end":{"line":20,"column":71}},"11":{"start":{"line":22,"column":4},"end":{"line":22,"column":65}},"12":{"start":{"line":27,"column":2},"end":{"line":27,"column":24}},"13":{"start":{"line":27,"column":14},"end":{"line":27,"column":24}},"14":{"start":{"line":28,"column":2},"end":{"line":28,"column":84}},"15":{"start":{"line":28,"column":28},"end":{"line":28,"column":84}},"16":{"start":{"line":28,"column":50},"end":{"line":28,"column":66}},"17":{"start":{"line":29,"column":2},"end":{"line":29,"column":92}},"18":{"start":{"line":29,"column":33},"end":{"line":29,"column":92}},"19":{"start":{"line":29,"column":66},"end":{"line":29,"column":74}},"20":{"start":{"line":30,"column":2},"end":{"line":30,"column":12}},"21":{"start":{"line":34,"column":2},"end":{"line":34,"column":61}},"22":{"start":{"line":34,"column":45},"end":{"line":34,"column":61}},"23":{"start":{"line":35,"column":2},"end":{"line":35,"column":47}},"24":{"start":{"line":35,"column":34},"end":{"line":35,"column":47}},"25":{"start":{"line":36,"column":2},"end":{"line":40,"column":3}},"26":{"start":{"line":37,"column":20},"end":{"line":37,"column":46}},"27":{"start":{"line":38,"column":4},"end":{"line":38,"column":80}},"28":{"start":{"line":38,"column":68},"end":{"line":38,"column":80}},"29":{"start":{"line":39,"column":4},"end":{"line":39,"column":81}},"30":{"start":{"line":39,"column":68},"end":{"line":39,"column":81}},"31":{"start":{"line":41,"column":2},"end":{"line":41,"column":52}},"32":{"start":{"line":41,"column":33},"end":{"line":41,"column":52}},"33":{"start":{"line":42,"column":2},"end":{"line":42,"column":18}},"34":{"start":{"line":46,"column":2},"end":{"line":55,"column":3}},"35":{"start":{"line":47,"column":4},"end":{"line":47,"column":63}},"36":{"start":{"line":47,"column":47},"end":{"line":47,"column":63}},"37":{"start":{"line":48,"column":4},"end":{"line":48,"column":73}},"38":{"start":{"line":48,"column":60},"end":{"line":48,"column":73}},"39":{"start":{"line":49,"column":4},"end":{"line":52,"column":5}},"40":{"start":{"line":50,"column":21},"end":{"line":50,"column":38}},"41":{"start":{"line":51,"column":6},"end":{"line":51,"column":86}},"42":{"start":{"line":56,"column":2},"end":{"line":56,"column":18}},"43":{"start":{"line":60,"column":17},"end":{"line":60,"column":48}},"44":{"start":{"line":62,"column":23},"end":{"line":62,"column":62}},"45":{"start":{"line":63,"column":2},"end":{"line":65,"column":3}},"46":{"start":{"line":64,"column":4},"end":{"line":64,"column":40}},"47":{"start":{"line":67,"column":25},"end":{"line":67,"column":66}},"48":{"start":{"line":68,"column":2},"end":{"line":70,"column":3}},"49":{"start":{"line":69,"column":4},"end":{"line":69,"column":44}},"50":{"start":{"line":72,"column":2},"end":{"line":77,"column":3}},"51":{"start":{"line":73,"column":18},"end":{"line":73,"column":50}},"52":{"start":{"line":74,"column":4},"end":{"line":76,"column":5}},"53":{"start":{"line":75,"column":6},"end":{"line":75,"column":36}},"54":{"start":{"line":79,"column":2},"end":{"line":84,"column":3}},"55":{"start":{"line":80,"column":17},"end":{"line":80,"column":57}},"56":{"start":{"line":81,"column":4},"end":{"line":83,"column":5}},"57":{"start":{"line":82,"column":6},"end":{"line":82,"column":47}},"58":{"start":{"line":86,"column":2},"end":{"line":86,"column":74}},"59":{"start":{"line":87,"column":2},"end":{"line":87,"column":80}},"60":{"start":{"line":88,"column":2},"end":{"line":88,"column":98}},"61":{"start":{"line":90,"column":2},"end":{"line":90,"column":92}},"62":{"start":{"line":93,"column":2},"end":{"line":95,"column":3}},"63":{"start":{"line":94,"column":4},"end":{"line":94,"column":99}},"64":{"start":{"line":96,"column":2},"end":{"line":98,"column":3}},"65":{"start":{"line":97,"column":4},"end":{"line":97,"column":84}},"66":{"start":{"line":99,"column":2},"end":{"line":101,"column":3}},"67":{"start":{"line":100,"column":4},"end":{"line":100,"column":80}},"68":{"start":{"line":102,"column":2},"end":{"line":104,"column":3}},"69":{"start":{"line":103,"column":4},"end":{"line":103,"column":68}},"70":{"start":{"line":105,"column":2},"end":{"line":107,"column":3}},"71":{"start":{"line":106,"column":4},"end":{"line":106,"column":74}},"72":{"start":{"line":108,"column":2},"end":{"line":110,"column":3}},"73":{"start":{"line":109,"column":4},"end":{"line":109,"column":74}},"74":{"start":{"line":111,"column":2},"end":{"line":113,"column":3}},"75":{"start":{"line":112,"column":4},"end":{"line":112,"column":78}},"76":{"start":{"line":114,"column":2},"end":{"line":116,"column":3}},"77":{"start":{"line":115,"column":4},"end":{"line":115,"column":75}},"78":{"start":{"line":119,"column":2},"end":{"line":121,"column":3}},"79":{"start":{"line":120,"column":4},"end":{"line":120,"column":68}},"80":{"start":{"line":122,"column":2},"end":{"line":124,"column":3}},"81":{"start":{"line":123,"column":4},"end":{"line":123,"column":62}},"82":{"start":{"line":125,"column":2},"end":{"line":127,"column":3}},"83":{"start":{"line":126,"column":4},"end":{"line":126,"column":76}},"84":{"start":{"line":128,"column":2},"end":{"line":130,"column":3}},"85":{"start":{"line":129,"column":4},"end":{"line":129,"column":68}},"86":{"start":{"line":131,"column":2},"end":{"line":133,"column":3}},"87":{"start":{"line":132,"column":4},"end":{"line":132,"column":72}},"88":{"start":{"line":135,"column":2},"end":{"line":135,"column":16}},"89":{"start":{"line":139,"column":20},"end":{"line":139,"column":35}},"90":{"start":{"line":140,"column":20},"end":{"line":140,"column":45}},"91":{"start":{"line":143,"column":2},"end":{"line":179,"column":3}},"92":{"start":{"line":144,"column":25},"end":{"line":144,"column":56}},"93":{"start":{"line":147,"column":19},"end":{"line":147,"column":35}},"94":{"start":{"line":150,"column":4},"end":{"line":150,"column":41}},"95":{"start":{"line":153,"column":4},"end":{"line":153,"column":81}},"96":{"start":{"line":153,"column":34},"end":{"line":153,"column":81}},"97":{"start":{"line":154,"column":4},"end":{"line":154,"column":75}},"98":{"start":{"line":154,"column":32},"end":{"line":154,"column":75}},"99":{"start":{"line":155,"column":4},"end":{"line":155,"column":78}},"100":{"start":{"line":155,"column":33},"end":{"line":155,"column":78}},"101":{"start":{"line":156,"column":4},"end":{"line":156,"column":82}},"102":{"start":{"line":156,"column":34},"end":{"line":156,"column":82}},"103":{"start":{"line":157,"column":4},"end":{"line":157,"column":85}},"104":{"start":{"line":157,"column":35},"end":{"line":157,"column":85}},"105":{"start":{"line":158,"column":4},"end":{"line":158,"column":94}},"106":{"start":{"line":158,"column":38},"end":{"line":158,"column":94}},"107":{"start":{"line":159,"column":4},"end":{"line":159,"column":94}},"108":{"start":{"line":159,"column":38},"end":{"line":159,"column":94}},"109":{"start":{"line":160,"column":4},"end":{"line":160,"column":72}},"110":{"start":{"line":160,"column":31},"end":{"line":160,"column":72}},"111":{"start":{"line":161,"column":4},"end":{"line":161,"column":69}},"112":{"start":{"line":161,"column":30},"end":{"line":161,"column":69}},"113":{"start":{"line":164,"column":4},"end":{"line":164,"column":85}},"114":{"start":{"line":164,"column":35},"end":{"line":164,"column":85}},"115":{"start":{"line":165,"column":4},"end":{"line":165,"column":76}},"116":{"start":{"line":165,"column":32},"end":{"line":165,"column":76}},"117":{"start":{"line":166,"column":4},"end":{"line":166,"column":97}},"118":{"start":{"line":166,"column":39},"end":{"line":166,"column":97}},"119":{"start":{"line":167,"column":4},"end":{"line":167,"column":99}},"120":{"start":{"line":167,"column":49},"end":{"line":167,"column":99}},"121":{"start":{"line":168,"column":4},"end":{"line":168,"column":105}},"122":{"start":{"line":168,"column":51},"end":{"line":168,"column":105}},"123":{"start":{"line":171,"column":4},"end":{"line":171,"column":89}},"124":{"start":{"line":171,"column":46},"end":{"line":171,"column":89}},"125":{"start":{"line":172,"column":4},"end":{"line":172,"column":95}},"126":{"start":{"line":172,"column":48},"end":{"line":172,"column":95}},"127":{"start":{"line":173,"column":4},"end":{"line":173,"column":111}},"128":{"start":{"line":173,"column":53},"end":{"line":173,"column":111}},"129":{"start":{"line":174,"column":4},"end":{"line":174,"column":84}},"130":{"start":{"line":174,"column":35},"end":{"line":174,"column":84}},"131":{"start":{"line":175,"column":4},"end":{"line":175,"column":90}},"132":{"start":{"line":175,"column":37},"end":{"line":175,"column":90}},"133":{"start":{"line":176,"column":4},"end":{"line":176,"column":109}},"134":{"start":{"line":176,"column":43},"end":{"line":176,"column":109}},"135":{"start":{"line":178,"column":4},"end":{"line":178,"column":31}},"136":{"start":{"line":181,"column":2},"end":{"line":181,"column":32}},"137":{"start":{"line":185,"column":18},"end":{"line":185,"column":33}},"138":{"start":{"line":186,"column":15},"end":{"line":186,"column":29}},"139":{"start":{"line":188,"column":2},"end":{"line":190,"column":3}},"140":{"start":{"line":189,"column":4},"end":{"line":189,"column":60}},"141":{"start":{"line":191,"column":2},"end":{"line":193,"column":3}},"142":{"start":{"line":192,"column":4},"end":{"line":192,"column":60}},"143":{"start":{"line":194,"column":2},"end":{"line":196,"column":3}},"144":{"start":{"line":195,"column":4},"end":{"line":195,"column":64}},"145":{"start":{"line":197,"column":2},"end":{"line":199,"column":3}},"146":{"start":{"line":198,"column":4},"end":{"line":198,"column":72}},"147":{"start":{"line":201,"column":2},"end":{"line":203,"column":3}},"148":{"start":{"line":202,"column":4},"end":{"line":202,"column":72}},"149":{"start":{"line":204,"column":2},"end":{"line":206,"column":3}},"150":{"start":{"line":205,"column":4},"end":{"line":205,"column":78}},"151":{"start":{"line":207,"column":2},"end":{"line":209,"column":3}},"152":{"start":{"line":208,"column":4},"end":{"line":208,"column":96}},"153":{"start":{"line":211,"column":21},"end":{"line":211,"column":66}},"154":{"start":{"line":212,"column":2},"end":{"line":214,"column":3}},"155":{"start":{"line":213,"column":4},"end":{"line":213,"column":52}},"156":{"start":{"line":216,"column":21},"end":{"line":216,"column":70}},"157":{"start":{"line":217,"column":2},"end":{"line":219,"column":3}},"158":{"start":{"line":218,"column":4},"end":{"line":218,"column":54}},"159":{"start":{"line":221,"column":2},"end":{"line":226,"column":3}},"160":{"start":{"line":222,"column":18},"end":{"line":222,"column":48}},"161":{"start":{"line":223,"column":4},"end":{"line":225,"column":5}},"162":{"start":{"line":224,"column":6},"end":{"line":224,"column":34}},"163":{"start":{"line":228,"column":18},"end":{"line":228,"column":80}},"164":{"start":{"line":229,"column":2},"end":{"line":235,"column":3}},"165":{"start":{"line":230,"column":17},"end":{"line":230,"column":32}},"166":{"start":{"line":231,"column":4},"end":{"line":234,"column":5}},"167":{"start":{"line":232,"column":6},"end":{"line":232,"column":45}},"168":{"start":{"line":233,"column":6},"end":{"line":233,"column":41}},"169":{"start":{"line":238,"column":2},"end":{"line":240,"column":3}},"170":{"start":{"line":239,"column":4},"end":{"line":239,"column":70}},"171":{"start":{"line":241,"column":2},"end":{"line":243,"column":3}},"172":{"start":{"line":242,"column":4},"end":{"line":242,"column":103}},"173":{"start":{"line":244,"column":2},"end":{"line":246,"column":3}},"174":{"start":{"line":245,"column":4},"end":{"line":245,"column":76}},"175":{"start":{"line":247,"column":2},"end":{"line":249,"column":3}},"176":{"start":{"line":248,"column":4},"end":{"line":248,"column":64}},"177":{"start":{"line":250,"column":2},"end":{"line":252,"column":3}},"178":{"start":{"line":251,"column":4},"end":{"line":251,"column":70}},"179":{"start":{"line":253,"column":2},"end":{"line":255,"column":3}},"180":{"start":{"line":254,"column":4},"end":{"line":254,"column":70}},"181":{"start":{"line":256,"column":2},"end":{"line":258,"column":3}},"182":{"start":{"line":257,"column":4},"end":{"line":257,"column":95}},"183":{"start":{"line":259,"column":2},"end":{"line":261,"column":3}},"184":{"start":{"line":260,"column":4},"end":{"line":260,"column":91}},"185":{"start":{"line":264,"column":2},"end":{"line":266,"column":3}},"186":{"start":{"line":265,"column":4},"end":{"line":265,"column":64}},"187":{"start":{"line":267,"column":2},"end":{"line":269,"column":3}},"188":{"start":{"line":268,"column":4},"end":{"line":268,"column":58}},"189":{"start":{"line":270,"column":2},"end":{"line":272,"column":3}},"190":{"start":{"line":271,"column":4},"end":{"line":271,"column":72}},"191":{"start":{"line":273,"column":2},"end":{"line":275,"column":3}},"192":{"start":{"line":274,"column":4},"end":{"line":274,"column":64}},"193":{"start":{"line":276,"column":2},"end":{"line":278,"column":3}},"194":{"start":{"line":277,"column":4},"end":{"line":277,"column":68}},"195":{"start":{"line":280,"column":2},"end":{"line":280,"column":22}},"196":{"start":{"line":281,"column":2},"end":{"line":281,"column":21}},"197":{"start":{"line":288,"column":20},"end":{"line":288,"column":35}},"198":{"start":{"line":289,"column":2},"end":{"line":289,"column":36}},"199":{"start":{"line":293,"column":20},"end":{"line":293,"column":35}},"200":{"start":{"line":294,"column":2},"end":{"line":294,"column":33}},"201":{"start":{"line":295,"column":2},"end":{"line":295,"column":27}},"202":{"start":{"line":299,"column":18},"end":{"line":299,"column":35}},"203":{"start":{"line":300,"column":2},"end":{"line":300,"column":82}},"204":{"start":{"line":300,"column":20},"end":{"line":300,"column":82}},"205":{"start":{"line":301,"column":2},"end":{"line":305,"column":4}},"206":{"start":{"line":306,"column":2},"end":{"line":306,"column":28}},"207":{"start":{"line":307,"column":2},"end":{"line":307,"column":44}},"208":{"start":{"line":311,"column":18},"end":{"line":311,"column":35}},"209":{"start":{"line":312,"column":2},"end":{"line":312,"column":30}},"210":{"start":{"line":316,"column":18},"end":{"line":316,"column":35}},"211":{"start":{"line":317,"column":2},"end":{"line":317,"column":78}},"212":{"start":{"line":317,"column":21},"end":{"line":317,"column":78}},"213":{"start":{"line":318,"column":2},"end":{"line":318,"column":88}},"214":{"start":{"line":319,"column":2},"end":{"line":319,"column":28}},"215":{"start":{"line":320,"column":2},"end":{"line":320,"column":44}},"216":{"start":{"line":324,"column":18},"end":{"line":324,"column":35}},"217":{"start":{"line":325,"column":2},"end":{"line":325,"column":78}},"218":{"start":{"line":325,"column":21},"end":{"line":325,"column":78}},"219":{"start":{"line":326,"column":2},"end":{"line":326,"column":22}},"220":{"start":{"line":327,"column":2},"end":{"line":327,"column":28}},"221":{"start":{"line":328,"column":2},"end":{"line":328,"column":22}},"222":{"start":{"line":332,"column":18},"end":{"line":332,"column":35}},"223":{"start":{"line":333,"column":2},"end":{"line":338,"column":6}},"224":{"start":{"line":333,"column":42},"end":{"line":338,"column":3}},"225":{"start":{"line":342,"column":20},"end":{"line":342,"column":35}},"226":{"start":{"line":343,"column":2},"end":{"line":343,"column":43}},"227":{"start":{"line":347,"column":2},"end":{"line":350,"column":3}},"228":{"start":{"line":348,"column":20},"end":{"line":348,"column":37}},"229":{"start":{"line":349,"column":4},"end":{"line":349,"column":80}},"230":{"start":{"line":349,"column":23},"end":{"line":349,"column":80}},"231":{"start":{"line":351,"column":20},"end":{"line":351,"column":35}},"232":{"start":{"line":352,"column":2},"end":{"line":352,"column":34}},"233":{"start":{"line":353,"column":2},"end":{"line":353,"column":27}},"234":{"start":{"line":354,"column":2},"end":{"line":354,"column":38}},"235":{"start":{"line":357,"column":0},"end":{"line":369,"column":2}}},"fnMap":{"0":{"name":"loadOverrides","decl":{"start":{"line":7,"column":9},"end":{"line":7,"column":22}},"loc":{"start":{"line":7,"column":25},"end":{"line":16,"column":1}},"line":7},"1":{"name":"saveOverrides","decl":{"start":{"line":18,"column":9},"end":{"line":18,"column":22}},"loc":{"start":{"line":18,"column":34},"end":{"line":24,"column":1}},"line":18},"2":{"name":"normalizeArray","decl":{"start":{"line":26,"column":9},"end":{"line":26,"column":23}},"loc":{"start":{"line":26,"column":31},"end":{"line":31,"column":1}},"line":26},"3":{"name":"(anonymous_3)","decl":{"start":{"line":28,"column":45},"end":{"line":28,"column":46}},"loc":{"start":{"line":28,"column":50},"end":{"line":28,"column":66}},"line":28},"4":{"name":"(anonymous_4)","decl":{"start":{"line":29,"column":61},"end":{"line":29,"column":62}},"loc":{"start":{"line":29,"column":66},"end":{"line":29,"column":74}},"line":29},"5":{"name":"toBool","decl":{"start":{"line":33,"column":9},"end":{"line":33,"column":15}},"loc":{"start":{"line":33,"column":33},"end":{"line":43,"column":1}},"line":33},"6":{"name":"parseObject","decl":{"start":{"line":45,"column":9},"end":{"line":45,"column":20}},"loc":{"start":{"line":45,"column":43},"end":{"line":57,"column":1}},"line":45},"7":{"name":"buildConfig","decl":{"start":{"line":59,"column":9},"end":{"line":59,"column":20}},"loc":{"start":{"line":59,"column":32},"end":{"line":136,"column":1}},"line":59},"8":{"name":"getConfig","decl":{"start":{"line":138,"column":9},"end":{"line":138,"column":18}},"loc":{"start":{"line":138,"column":21},"end":{"line":182,"column":1}},"line":138},"9":{"name":"setConfig","decl":{"start":{"line":184,"column":9},"end":{"line":184,"column":18}},"loc":{"start":{"line":184,"column":33},"end":{"line":282,"column":1}},"line":184},"10":{"name":"getMultiConfigs","decl":{"start":{"line":287,"column":9},"end":{"line":287,"column":24}},"loc":{"start":{"line":287,"column":27},"end":{"line":290,"column":1}},"line":287},"11":{"name":"saveMultiConfigs","decl":{"start":{"line":292,"column":9},"end":{"line":292,"column":25}},"loc":{"start":{"line":292,"column":35},"end":{"line":296,"column":1}},"line":292},"12":{"name":"createConfig","decl":{"start":{"line":298,"column":9},"end":{"line":298,"column":21}},"loc":{"start":{"line":298,"column":38},"end":{"line":308,"column":1}},"line":298},"13":{"name":"getConfigByTag","decl":{"start":{"line":310,"column":9},"end":{"line":310,"column":23}},"loc":{"start":{"line":310,"column":29},"end":{"line":313,"column":1}},"line":310},"14":{"name":"updateConfigByTag","decl":{"start":{"line":315,"column":9},"end":{"line":315,"column":26}},"loc":{"start":{"line":315,"column":43},"end":{"line":321,"column":1}},"line":315},"15":{"name":"deleteConfigByTag","decl":{"start":{"line":323,"column":9},"end":{"line":323,"column":26}},"loc":{"start":{"line":323,"column":32},"end":{"line":329,"column":1}},"line":323},"16":{"name":"listConfigs","decl":{"start":{"line":331,"column":9},"end":{"line":331,"column":20}},"loc":{"start":{"line":331,"column":23},"end":{"line":339,"column":1}},"line":331},"17":{"name":"(anonymous_17)","decl":{"start":{"line":333,"column":36},"end":{"line":333,"column":37}},"loc":{"start":{"line":333,"column":42},"end":{"line":338,"column":3}},"line":333},"18":{"name":"getActiveConfigTag","decl":{"start":{"line":341,"column":9},"end":{"line":341,"column":27}},"loc":{"start":{"line":341,"column":30},"end":{"line":344,"column":1}},"line":341},"19":{"name":"setActiveConfigTag","decl":{"start":{"line":346,"column":9},"end":{"line":346,"column":27}},"loc":{"start":{"line":346,"column":33},"end":{"line":355,"column":1}},"line":346}},"branchMap":{"0":{"loc":{"start":{"line":9,"column":4},"end":{"line":11,"column":5}},"type":"if","locations":[{"start":{"line":9,"column":4},"end":{"line":11,"column":5}},{"start":{},"end":{}}],"line":9},"1":{"loc":{"start":{"line":27,"column":2},"end":{"line":27,"column":24}},"type":"if","locations":[{"start":{"line":27,"column":2},"end":{"line":27,"column":24}},{"start":{},"end":{}}],"line":27},"2":{"loc":{"start":{"line":28,"column":2},"end":{"line":28,"column":84}},"type":"if","locations":[{"start":{"line":28,"column":2},"end":{"line":28,"column":84}},{"start":{},"end":{}}],"line":28},"3":{"loc":{"start":{"line":29,"column":2},"end":{"line":29,"column":92}},"type":"if","locations":[{"start":{"line":29,"column":2},"end":{"line":29,"column":92}},{"start":{},"end":{}}],"line":29},"4":{"loc":{"start":{"line":34,"column":2},"end":{"line":34,"column":61}},"type":"if","locations":[{"start":{"line":34,"column":2},"end":{"line":34,"column":61}},{"start":{},"end":{}}],"line":34},"5":{"loc":{"start":{"line":34,"column":6},"end":{"line":34,"column":43}},"type":"binary-expr","locations":[{"start":{"line":34,"column":6},"end":{"line":34,"column":25}},{"start":{"line":34,"column":29},"end":{"line":34,"column":43}}],"line":34},"6":{"loc":{"start":{"line":35,"column":2},"end":{"line":35,"column":47}},"type":"if","locations":[{"start":{"line":35,"column":2},"end":{"line":35,"column":47}},{"start":{},"end":{}}],"line":35},"7":{"loc":{"start":{"line":36,"column":2},"end":{"line":40,"column":3}},"type":"if","locations":[{"start":{"line":36,"column":2},"end":{"line":40,"column":3}},{"start":{},"end":{}}],"line":36},"8":{"loc":{"start":{"line":38,"column":4},"end":{"line":38,"column":80}},"type":"if","locations":[{"start":{"line":38,"column":4},"end":{"line":38,"column":80}},{"start":{},"end":{}}],"line":38},"9":{"loc":{"start":{"line":38,"column":8},"end":{"line":38,"column":66}},"type":"binary-expr","locations":[{"start":{"line":38,"column":8},"end":{"line":38,"column":26}},{"start":{"line":38,"column":30},"end":{"line":38,"column":47}},{"start":{"line":38,"column":51},"end":{"line":38,"column":66}}],"line":38},"10":{"loc":{"start":{"line":39,"column":4},"end":{"line":39,"column":81}},"type":"if","locations":[{"start":{"line":39,"column":4},"end":{"line":39,"column":81}},{"start":{},"end":{}}],"line":39},"11":{"loc":{"start":{"line":39,"column":8},"end":{"line":39,"column":66}},"type":"binary-expr","locations":[{"start":{"line":39,"column":8},"end":{"line":39,"column":27}},{"start":{"line":39,"column":31},"end":{"line":39,"column":47}},{"start":{"line":39,"column":51},"end":{"line":39,"column":66}}],"line":39},"12":{"loc":{"start":{"line":41,"column":2},"end":{"line":41,"column":52}},"type":"if","locations":[{"start":{"line":41,"column":2},"end":{"line":41,"column":52}},{"start":{},"end":{}}],"line":41},"13":{"loc":{"start":{"line":45,"column":28},"end":{"line":45,"column":41}},"type":"default-arg","locations":[{"start":{"line":45,"column":39},"end":{"line":45,"column":41}}],"line":45},"14":{"loc":{"start":{"line":47,"column":4},"end":{"line":47,"column":63}},"type":"if","locations":[{"start":{"line":47,"column":4},"end":{"line":47,"column":63}},{"start":{},"end":{}}],"line":47},"15":{"loc":{"start":{"line":47,"column":8},"end":{"line":47,"column":45}},"type":"binary-expr","locations":[{"start":{"line":47,"column":8},"end":{"line":47,"column":27}},{"start":{"line":47,"column":31},"end":{"line":47,"column":45}}],"line":47},"16":{"loc":{"start":{"line":48,"column":4},"end":{"line":48,"column":73}},"type":"if","locations":[{"start":{"line":48,"column":4},"end":{"line":48,"column":73}},{"start":{},"end":{}}],"line":48},"17":{"loc":{"start":{"line":48,"column":8},"end":{"line":48,"column":58}},"type":"binary-expr","locations":[{"start":{"line":48,"column":8},"end":{"line":48,"column":33}},{"start":{"line":48,"column":37},"end":{"line":48,"column":58}}],"line":48},"18":{"loc":{"start":{"line":49,"column":4},"end":{"line":52,"column":5}},"type":"if","locations":[{"start":{"line":49,"column":4},"end":{"line":52,"column":5}},{"start":{},"end":{}}],"line":49},"19":{"loc":{"start":{"line":49,"column":8},"end":{"line":49,"column":56}},"type":"binary-expr","locations":[{"start":{"line":49,"column":8},"end":{"line":49,"column":33}},{"start":{"line":49,"column":37},"end":{"line":49,"column":56}}],"line":49},"20":{"loc":{"start":{"line":51,"column":13},"end":{"line":51,"column":85}},"type":"cond-expr","locations":[{"start":{"line":51,"column":68},"end":{"line":51,"column":74}},{"start":{"line":51,"column":77},"end":{"line":51,"column":85}}],"line":51},"21":{"loc":{"start":{"line":51,"column":13},"end":{"line":51,"column":65}},"type":"binary-expr","locations":[{"start":{"line":51,"column":13},"end":{"line":51,"column":39}},{"start":{"line":51,"column":43},"end":{"line":51,"column":65}}],"line":51},"22":{"loc":{"start":{"line":63,"column":2},"end":{"line":65,"column":3}},"type":"if","locations":[{"start":{"line":63,"column":2},"end":{"line":65,"column":3}},{"start":{},"end":{}}],"line":63},"23":{"loc":{"start":{"line":68,"column":2},"end":{"line":70,"column":3}},"type":"if","locations":[{"start":{"line":68,"column":2},"end":{"line":70,"column":3}},{"start":{},"end":{}}],"line":68},"24":{"loc":{"start":{"line":72,"column":2},"end":{"line":77,"column":3}},"type":"if","locations":[{"start":{"line":72,"column":2},"end":{"line":77,"column":3}},{"start":{},"end":{}}],"line":72},"25":{"loc":{"start":{"line":74,"column":4},"end":{"line":76,"column":5}},"type":"if","locations":[{"start":{"line":74,"column":4},"end":{"line":76,"column":5}},{"start":{},"end":{}}],"line":74},"26":{"loc":{"start":{"line":79,"column":2},"end":{"line":84,"column":3}},"type":"if","locations":[{"start":{"line":79,"column":2},"end":{"line":84,"column":3}},{"start":{},"end":{}}],"line":79},"27":{"loc":{"start":{"line":81,"column":4},"end":{"line":83,"column":5}},"type":"if","locations":[{"start":{"line":81,"column":4},"end":{"line":83,"column":5}},{"start":{},"end":{}}],"line":81},"28":{"loc":{"start":{"line":90,"column":30},"end":{"line":90,"column":91}},"type":"binary-expr","locations":[{"start":{"line":90,"column":30},"end":{"line":90,"column":58}},{"start":{"line":90,"column":62},"end":{"line":90,"column":91}}],"line":90},"29":{"loc":{"start":{"line":93,"column":2},"end":{"line":95,"column":3}},"type":"if","locations":[{"start":{"line":93,"column":2},"end":{"line":95,"column":3}},{"start":{},"end":{}}],"line":93},"30":{"loc":{"start":{"line":94,"column":24},"end":{"line":94,"column":98}},"type":"binary-expr","locations":[{"start":{"line":94,"column":24},"end":{"line":94,"column":73}},{"start":{"line":94,"column":77},"end":{"line":94,"column":98}}],"line":94},"31":{"loc":{"start":{"line":96,"column":2},"end":{"line":98,"column":3}},"type":"if","locations":[{"start":{"line":96,"column":2},"end":{"line":98,"column":3}},{"start":{},"end":{}}],"line":96},"32":{"loc":{"start":{"line":99,"column":2},"end":{"line":101,"column":3}},"type":"if","locations":[{"start":{"line":99,"column":2},"end":{"line":101,"column":3}},{"start":{},"end":{}}],"line":99},"33":{"loc":{"start":{"line":102,"column":2},"end":{"line":104,"column":3}},"type":"if","locations":[{"start":{"line":102,"column":2},"end":{"line":104,"column":3}},{"start":{},"end":{}}],"line":102},"34":{"loc":{"start":{"line":105,"column":2},"end":{"line":107,"column":3}},"type":"if","locations":[{"start":{"line":105,"column":2},"end":{"line":107,"column":3}},{"start":{},"end":{}}],"line":105},"35":{"loc":{"start":{"line":108,"column":2},"end":{"line":110,"column":3}},"type":"if","locations":[{"start":{"line":108,"column":2},"end":{"line":110,"column":3}},{"start":{},"end":{}}],"line":108},"36":{"loc":{"start":{"line":111,"column":2},"end":{"line":113,"column":3}},"type":"if","locations":[{"start":{"line":111,"column":2},"end":{"line":113,"column":3}},{"start":{},"end":{}}],"line":111},"37":{"loc":{"start":{"line":114,"column":2},"end":{"line":116,"column":3}},"type":"if","locations":[{"start":{"line":114,"column":2},"end":{"line":116,"column":3}},{"start":{},"end":{}}],"line":114},"38":{"loc":{"start":{"line":119,"column":2},"end":{"line":121,"column":3}},"type":"if","locations":[{"start":{"line":119,"column":2},"end":{"line":121,"column":3}},{"start":{},"end":{}}],"line":119},"39":{"loc":{"start":{"line":122,"column":2},"end":{"line":124,"column":3}},"type":"if","locations":[{"start":{"line":122,"column":2},"end":{"line":124,"column":3}},{"start":{},"end":{}}],"line":122},"40":{"loc":{"start":{"line":125,"column":2},"end":{"line":127,"column":3}},"type":"if","locations":[{"start":{"line":125,"column":2},"end":{"line":127,"column":3}},{"start":{},"end":{}}],"line":125},"41":{"loc":{"start":{"line":128,"column":2},"end":{"line":130,"column":3}},"type":"if","locations":[{"start":{"line":128,"column":2},"end":{"line":130,"column":3}},{"start":{},"end":{}}],"line":128},"42":{"loc":{"start":{"line":131,"column":2},"end":{"line":133,"column":3}},"type":"if","locations":[{"start":{"line":131,"column":2},"end":{"line":133,"column":3}},{"start":{},"end":{}}],"line":131},"43":{"loc":{"start":{"line":143,"column":2},"end":{"line":179,"column":3}},"type":"if","locations":[{"start":{"line":143,"column":2},"end":{"line":179,"column":3}},{"start":{},"end":{}}],"line":143},"44":{"loc":{"start":{"line":143,"column":6},"end":{"line":143,"column":74}},"type":"binary-expr","locations":[{"start":{"line":143,"column":6},"end":{"line":143,"column":15}},{"start":{"line":143,"column":19},"end":{"line":143,"column":39}},{"start":{"line":143,"column":43},"end":{"line":143,"column":74}}],"line":143},"45":{"loc":{"start":{"line":153,"column":4},"end":{"line":153,"column":81}},"type":"if","locations":[{"start":{"line":153,"column":4},"end":{"line":153,"column":81}},{"start":{},"end":{}}],"line":153},"46":{"loc":{"start":{"line":154,"column":4},"end":{"line":154,"column":75}},"type":"if","locations":[{"start":{"line":154,"column":4},"end":{"line":154,"column":75}},{"start":{},"end":{}}],"line":154},"47":{"loc":{"start":{"line":155,"column":4},"end":{"line":155,"column":78}},"type":"if","locations":[{"start":{"line":155,"column":4},"end":{"line":155,"column":78}},{"start":{},"end":{}}],"line":155},"48":{"loc":{"start":{"line":156,"column":4},"end":{"line":156,"column":82}},"type":"if","locations":[{"start":{"line":156,"column":4},"end":{"line":156,"column":82}},{"start":{},"end":{}}],"line":156},"49":{"loc":{"start":{"line":157,"column":4},"end":{"line":157,"column":85}},"type":"if","locations":[{"start":{"line":157,"column":4},"end":{"line":157,"column":85}},{"start":{},"end":{}}],"line":157},"50":{"loc":{"start":{"line":158,"column":4},"end":{"line":158,"column":94}},"type":"if","locations":[{"start":{"line":158,"column":4},"end":{"line":158,"column":94}},{"start":{},"end":{}}],"line":158},"51":{"loc":{"start":{"line":159,"column":4},"end":{"line":159,"column":94}},"type":"if","locations":[{"start":{"line":159,"column":4},"end":{"line":159,"column":94}},{"start":{},"end":{}}],"line":159},"52":{"loc":{"start":{"line":160,"column":4},"end":{"line":160,"column":72}},"type":"if","locations":[{"start":{"line":160,"column":4},"end":{"line":160,"column":72}},{"start":{},"end":{}}],"line":160},"53":{"loc":{"start":{"line":161,"column":4},"end":{"line":161,"column":69}},"type":"if","locations":[{"start":{"line":161,"column":4},"end":{"line":161,"column":69}},{"start":{},"end":{}}],"line":161},"54":{"loc":{"start":{"line":164,"column":4},"end":{"line":164,"column":85}},"type":"if","locations":[{"start":{"line":164,"column":4},"end":{"line":164,"column":85}},{"start":{},"end":{}}],"line":164},"55":{"loc":{"start":{"line":165,"column":4},"end":{"line":165,"column":76}},"type":"if","locations":[{"start":{"line":165,"column":4},"end":{"line":165,"column":76}},{"start":{},"end":{}}],"line":165},"56":{"loc":{"start":{"line":166,"column":4},"end":{"line":166,"column":97}},"type":"if","locations":[{"start":{"line":166,"column":4},"end":{"line":166,"column":97}},{"start":{},"end":{}}],"line":166},"57":{"loc":{"start":{"line":167,"column":4},"end":{"line":167,"column":99}},"type":"if","locations":[{"start":{"line":167,"column":4},"end":{"line":167,"column":99}},{"start":{},"end":{}}],"line":167},"58":{"loc":{"start":{"line":168,"column":4},"end":{"line":168,"column":105}},"type":"if","locations":[{"start":{"line":168,"column":4},"end":{"line":168,"column":105}},{"start":{},"end":{}}],"line":168},"59":{"loc":{"start":{"line":171,"column":4},"end":{"line":171,"column":89}},"type":"if","locations":[{"start":{"line":171,"column":4},"end":{"line":171,"column":89}},{"start":{},"end":{}}],"line":171},"60":{"loc":{"start":{"line":172,"column":4},"end":{"line":172,"column":95}},"type":"if","locations":[{"start":{"line":172,"column":4},"end":{"line":172,"column":95}},{"start":{},"end":{}}],"line":172},"61":{"loc":{"start":{"line":173,"column":4},"end":{"line":173,"column":111}},"type":"if","locations":[{"start":{"line":173,"column":4},"end":{"line":173,"column":111}},{"start":{},"end":{}}],"line":173},"62":{"loc":{"start":{"line":174,"column":4},"end":{"line":174,"column":84}},"type":"if","locations":[{"start":{"line":174,"column":4},"end":{"line":174,"column":84}},{"start":{},"end":{}}],"line":174},"63":{"loc":{"start":{"line":175,"column":4},"end":{"line":175,"column":90}},"type":"if","locations":[{"start":{"line":175,"column":4},"end":{"line":175,"column":90}},{"start":{},"end":{}}],"line":175},"64":{"loc":{"start":{"line":176,"column":4},"end":{"line":176,"column":109}},"type":"if","locations":[{"start":{"line":176,"column":4},"end":{"line":176,"column":109}},{"start":{},"end":{}}],"line":176},"65":{"loc":{"start":{"line":184,"column":19},"end":{"line":184,"column":31}},"type":"default-arg","locations":[{"start":{"line":184,"column":29},"end":{"line":184,"column":31}}],"line":184},"66":{"loc":{"start":{"line":188,"column":2},"end":{"line":190,"column":3}},"type":"if","locations":[{"start":{"line":188,"column":2},"end":{"line":190,"column":3}},{"start":{},"end":{}}],"line":188},"67":{"loc":{"start":{"line":191,"column":2},"end":{"line":193,"column":3}},"type":"if","locations":[{"start":{"line":191,"column":2},"end":{"line":193,"column":3}},{"start":{},"end":{}}],"line":191},"68":{"loc":{"start":{"line":194,"column":2},"end":{"line":196,"column":3}},"type":"if","locations":[{"start":{"line":194,"column":2},"end":{"line":196,"column":3}},{"start":{},"end":{}}],"line":194},"69":{"loc":{"start":{"line":197,"column":2},"end":{"line":199,"column":3}},"type":"if","locations":[{"start":{"line":197,"column":2},"end":{"line":199,"column":3}},{"start":{},"end":{}}],"line":197},"70":{"loc":{"start":{"line":201,"column":2},"end":{"line":203,"column":3}},"type":"if","locations":[{"start":{"line":201,"column":2},"end":{"line":203,"column":3}},{"start":{},"end":{}}],"line":201},"71":{"loc":{"start":{"line":204,"column":2},"end":{"line":206,"column":3}},"type":"if","locations":[{"start":{"line":204,"column":2},"end":{"line":206,"column":3}},{"start":{},"end":{}}],"line":204},"72":{"loc":{"start":{"line":207,"column":2},"end":{"line":209,"column":3}},"type":"if","locations":[{"start":{"line":207,"column":2},"end":{"line":209,"column":3}},{"start":{},"end":{}}],"line":207},"73":{"loc":{"start":{"line":211,"column":21},"end":{"line":211,"column":66}},"type":"binary-expr","locations":[{"start":{"line":211,"column":21},"end":{"line":211,"column":42}},{"start":{"line":211,"column":46},"end":{"line":211,"column":66}}],"line":211},"74":{"loc":{"start":{"line":212,"column":2},"end":{"line":214,"column":3}},"type":"if","locations":[{"start":{"line":212,"column":2},"end":{"line":214,"column":3}},{"start":{},"end":{}}],"line":212},"75":{"loc":{"start":{"line":216,"column":21},"end":{"line":216,"column":70}},"type":"binary-expr","locations":[{"start":{"line":216,"column":21},"end":{"line":216,"column":44}},{"start":{"line":216,"column":48},"end":{"line":216,"column":70}}],"line":216},"76":{"loc":{"start":{"line":217,"column":2},"end":{"line":219,"column":3}},"type":"if","locations":[{"start":{"line":217,"column":2},"end":{"line":219,"column":3}},{"start":{},"end":{}}],"line":217},"77":{"loc":{"start":{"line":221,"column":2},"end":{"line":226,"column":3}},"type":"if","locations":[{"start":{"line":221,"column":2},"end":{"line":226,"column":3}},{"start":{},"end":{}}],"line":221},"78":{"loc":{"start":{"line":223,"column":4},"end":{"line":225,"column":5}},"type":"if","locations":[{"start":{"line":223,"column":4},"end":{"line":225,"column":5}},{"start":{},"end":{}}],"line":223},"79":{"loc":{"start":{"line":228,"column":18},"end":{"line":228,"column":80}},"type":"binary-expr","locations":[{"start":{"line":228,"column":18},"end":{"line":228,"column":48}},{"start":{"line":228,"column":52},"end":{"line":228,"column":80}}],"line":228},"80":{"loc":{"start":{"line":229,"column":2},"end":{"line":235,"column":3}},"type":"if","locations":[{"start":{"line":229,"column":2},"end":{"line":235,"column":3}},{"start":{},"end":{}}],"line":229},"81":{"loc":{"start":{"line":231,"column":4},"end":{"line":234,"column":5}},"type":"if","locations":[{"start":{"line":231,"column":4},"end":{"line":234,"column":5}},{"start":{},"end":{}}],"line":231},"82":{"loc":{"start":{"line":238,"column":2},"end":{"line":240,"column":3}},"type":"if","locations":[{"start":{"line":238,"column":2},"end":{"line":240,"column":3}},{"start":{},"end":{}}],"line":238},"83":{"loc":{"start":{"line":241,"column":2},"end":{"line":243,"column":3}},"type":"if","locations":[{"start":{"line":241,"column":2},"end":{"line":243,"column":3}},{"start":{},"end":{}}],"line":241},"84":{"loc":{"start":{"line":242,"column":56},"end":{"line":242,"column":101}},"type":"binary-expr","locations":[{"start":{"line":242,"column":56},"end":{"line":242,"column":75}},{"start":{"line":242,"column":79},"end":{"line":242,"column":101}}],"line":242},"85":{"loc":{"start":{"line":244,"column":2},"end":{"line":246,"column":3}},"type":"if","locations":[{"start":{"line":244,"column":2},"end":{"line":246,"column":3}},{"start":{},"end":{}}],"line":244},"86":{"loc":{"start":{"line":247,"column":2},"end":{"line":249,"column":3}},"type":"if","locations":[{"start":{"line":247,"column":2},"end":{"line":249,"column":3}},{"start":{},"end":{}}],"line":247},"87":{"loc":{"start":{"line":250,"column":2},"end":{"line":252,"column":3}},"type":"if","locations":[{"start":{"line":250,"column":2},"end":{"line":252,"column":3}},{"start":{},"end":{}}],"line":250},"88":{"loc":{"start":{"line":253,"column":2},"end":{"line":255,"column":3}},"type":"if","locations":[{"start":{"line":253,"column":2},"end":{"line":255,"column":3}},{"start":{},"end":{}}],"line":253},"89":{"loc":{"start":{"line":256,"column":2},"end":{"line":258,"column":3}},"type":"if","locations":[{"start":{"line":256,"column":2},"end":{"line":258,"column":3}},{"start":{},"end":{}}],"line":256},"90":{"loc":{"start":{"line":257,"column":52},"end":{"line":257,"column":93}},"type":"binary-expr","locations":[{"start":{"line":257,"column":52},"end":{"line":257,"column":69}},{"start":{"line":257,"column":73},"end":{"line":257,"column":93}}],"line":257},"91":{"loc":{"start":{"line":259,"column":2},"end":{"line":261,"column":3}},"type":"if","locations":[{"start":{"line":259,"column":2},"end":{"line":261,"column":3}},{"start":{},"end":{}}],"line":259},"92":{"loc":{"start":{"line":260,"column":50},"end":{"line":260,"column":89}},"type":"binary-expr","locations":[{"start":{"line":260,"column":50},"end":{"line":260,"column":66}},{"start":{"line":260,"column":70},"end":{"line":260,"column":89}}],"line":260},"93":{"loc":{"start":{"line":264,"column":2},"end":{"line":266,"column":3}},"type":"if","locations":[{"start":{"line":264,"column":2},"end":{"line":266,"column":3}},{"start":{},"end":{}}],"line":264},"94":{"loc":{"start":{"line":267,"column":2},"end":{"line":269,"column":3}},"type":"if","locations":[{"start":{"line":267,"column":2},"end":{"line":269,"column":3}},{"start":{},"end":{}}],"line":267},"95":{"loc":{"start":{"line":270,"column":2},"end":{"line":272,"column":3}},"type":"if","locations":[{"start":{"line":270,"column":2},"end":{"line":272,"column":3}},{"start":{},"end":{}}],"line":270},"96":{"loc":{"start":{"line":273,"column":2},"end":{"line":275,"column":3}},"type":"if","locations":[{"start":{"line":273,"column":2},"end":{"line":275,"column":3}},{"start":{},"end":{}}],"line":273},"97":{"loc":{"start":{"line":276,"column":2},"end":{"line":278,"column":3}},"type":"if","locations":[{"start":{"line":276,"column":2},"end":{"line":278,"column":3}},{"start":{},"end":{}}],"line":276},"98":{"loc":{"start":{"line":289,"column":9},"end":{"line":289,"column":35}},"type":"binary-expr","locations":[{"start":{"line":289,"column":9},"end":{"line":289,"column":29}},{"start":{"line":289,"column":33},"end":{"line":289,"column":35}}],"line":289},"99":{"loc":{"start":{"line":298,"column":27},"end":{"line":298,"column":36}},"type":"default-arg","locations":[{"start":{"line":298,"column":34},"end":{"line":298,"column":36}}],"line":298},"100":{"loc":{"start":{"line":300,"column":2},"end":{"line":300,"column":82}},"type":"if","locations":[{"start":{"line":300,"column":2},"end":{"line":300,"column":82}},{"start":{},"end":{}}],"line":300},"101":{"loc":{"start":{"line":312,"column":9},"end":{"line":312,"column":29}},"type":"binary-expr","locations":[{"start":{"line":312,"column":9},"end":{"line":312,"column":21}},{"start":{"line":312,"column":25},"end":{"line":312,"column":29}}],"line":312},"102":{"loc":{"start":{"line":315,"column":32},"end":{"line":315,"column":41}},"type":"default-arg","locations":[{"start":{"line":315,"column":39},"end":{"line":315,"column":41}}],"line":315},"103":{"loc":{"start":{"line":317,"column":2},"end":{"line":317,"column":78}},"type":"if","locations":[{"start":{"line":317,"column":2},"end":{"line":317,"column":78}},{"start":{},"end":{}}],"line":317},"104":{"loc":{"start":{"line":325,"column":2},"end":{"line":325,"column":78}},"type":"if","locations":[{"start":{"line":325,"column":2},"end":{"line":325,"column":78}},{"start":{},"end":{}}],"line":325},"105":{"loc":{"start":{"line":343,"column":9},"end":{"line":343,"column":42}},"type":"binary-expr","locations":[{"start":{"line":343,"column":9},"end":{"line":343,"column":34}},{"start":{"line":343,"column":38},"end":{"line":343,"column":42}}],"line":343},"106":{"loc":{"start":{"line":347,"column":2},"end":{"line":350,"column":3}},"type":"if","locations":[{"start":{"line":347,"column":2},"end":{"line":350,"column":3}},{"start":{},"end":{}}],"line":347},"107":{"loc":{"start":{"line":349,"column":4},"end":{"line":349,"column":80}},"type":"if","locations":[{"start":{"line":349,"column":4},"end":{"line":349,"column":80}},{"start":{},"end":{}}],"line":349}},"s":{"0":0,"1":0,"2":0,"3":0,"4":0,"5":0,"6":0,"7":0,"8":0,"9":0,"10":0,"11":0,"12":0,"13":0,"14":0,"15":0,"16":0,"17":0,"18":0,"19":0,"20":0,"21":0,"22":0,"23":0,"24":0,"25":0,"26":0,"27":0,"28":0,"29":0,"30":0,"31":0,"32":0,"33":0,"34":0,"35":0,"36":0,"37":0,"38":0,"39":0,"40":0,"41":0,"42":0,"43":0,"44":0,"45":0,"46":0,"47":0,"48":0,"49":0,"50":0,"51":0,"52":0,"53":0,"54":0,"55":0,"56":0,"57":0,"58":0,"59":0,"60":0,"61":0,"62":0,"63":0,"64":0,"65":0,"66":0,"67":0,"68":0,"69":0,"70":0,"71":0,"72":0,"73":0,"74":0,"75":0,"76":0,"77":0,"78":0,"79":0,"80":0,"81":0,"82":0,"83":0,"84":0,"85":0,"86":0,"87":0,"88":0,"89":0,"90":0,"91":0,"92":0,"93":0,"94":0,"95":0,"96":0,"97":0,"98":0,"99":0,"100":0,"101":0,"102":0,"103":0,"104":0,"105":0,"106":0,"107":0,"108":0,"109":0,"110":0,"111":0,"112":0,"113":0,"114":0,"115":0,"116":0,"117":0,"118":0,"119":0,"120":0,"121":0,"122":0,"123":0,"124":0,"125":0,"126":0,"127":0,"128":0,"129":0,"130":0,"131":0,"132":0,"133":0,"134":0,"135":0,"136":0,"137":0,"138":0,"139":0,"140":0,"141":0,"142":0,"143":0,"144":0,"145":0,"146":0,"147":0,"148":0,"149":0,"150":0,"151":0,"152":0,"153":0,"154":0,"155":0,"156":0,"157":0,"158":0,"159":0,"160":0,"161":0,"162":0,"163":0,"164":0,"165":0,"166":0,"167":0,"168":0,"169":0,"170":0,"171":0,"172":0,"173":0,"174":0,"175":0,"176":0,"177":0,"178":0,"179":0,"180":0,"181":0,"182":0,"183":0,"184":0,"185":0,"186":0,"187":0,"188":0,"189":0,"190":0,"191":0,"192":0,"193":0,"194":0,"195":0,"196":0,"197":0,"198":0,"199":0,"200":0,"201":0,"202":0,"203":0,"204":0,"205":0,"206":0,"207":0,"208":0,"209":0,"210":0,"211":0,"212":0,"213":0,"214":0,"215":0,"216":0,"217":0,"218":0,"219":0,"220":0,"221":0,"222":0,"223":0,"224":0,"225":0,"226":0,"227":0,"228":0,"229":0,"230":0,"231":0,"232":0,"233":0,"234":0,"235":0},"f":{"0":0,"1":0,"2":0,"3":0,"4":0,"5":0,"6":0,"7":0,"8":0,"9":0,"10":0,"11":0,"12":0,"13":0,"14":0,"15":0,"16":0,"17":0,"18":0,"19":0},"b":{"0":[0,0],"1":[0,0],"2":[0,0],"3":[0,0],"4":[0,0],"5":[0,0],"6":[0,0],"7":[0,0],"8":[0,0],"9":[0,0,0],"10":[0,0],"11":[0,0,0],"12":[0,0],"13":[0],"14":[0,0],"15":[0,0],"16":[0,0],"17":[0,0],"18":[0,0],"19":[0,0],"20":[0,0],"21":[0,0],"22":[0,0],"23":[0,0],"24":[0,0],"25":[0,0],"26":[0,0],"27":[0,0],"28":[0,0],"29":[0,0],"30":[0,0],"31":[0,0],"32":[0,0],"33":[0,0],"34":[0,0],"35":[0,0],"36":[0,0],"37":[0,0],"38":[0,0],"39":[0,0],"40":[0,0],"41":[0,0],"42":[0,0],"43":[0,0],"44":[0,0,0],"45":[0,0],"46":[0,0],"47":[0,0],"48":[0,0],"49":[0,0],"50":[0,0],"51":[0,0],"52":[0,0],"53":[0,0],"54":[0,0],"55":[0,0],"56":[0,0],"57":[0,0],"58":[0,0],"59":[0,0],"60":[0,0],"61":[0,0],"62":[0,0],"63":[0,0],"64":[0,0],"65":[0],"66":[0,0],"67":[0,0],"68":[0,0],"69":[0,0],"70":[0,0],"71":[0,0],"72":[0,0],"73":[0,0],"74":[0,0],"75":[0,0],"76":[0,0],"77":[0,0],"78":[0,0],"79":[0,0],"80":[0,0],"81":[0,0],"82":[0,0],"83":[0,0],"84":[0,0],"85":[0,0],"86":[0,0],"87":[0,0],"88":[0,0],"89":[0,0],"90":[0,0],"91":[0,0],"92":[0,0],"93":[0,0],"94":[0,0],"95":[0,0],"96":[0,0],"97":[0,0],"98":[0,0],"99":[0],"100":[0,0],"101":[0,0],"102":[0],"103":[0,0],"104":[0,0],"105":[0,0],"106":[0,0],"107":[0,0]}}
,"/media/oem/data/nodejs/notification/controllerServer/config.js": {"path":"/media/oem/data/nodejs/notification/controllerServer/config.js","statementMap":{"0":{"start":{"line":7,"column":0},"end":{"line":7,"column":82}},"1":{"start":{"line":9,"column":24},"end":{"line":40,"column":1}},"2":{"start":{"line":43,"column":29},"end":{"line":43,"column":33}},"3":{"start":{"line":46,"column":28},"end":{"line":46,"column":83}},"4":{"start":{"line":47,"column":27},"end":{"line":47,"column":102}},"5":{"start":{"line":51,"column":21},"end":{"line":51,"column":30}},"6":{"start":{"line":52,"column":19},"end":{"line":52,"column":28}},"7":{"start":{"line":53,"column":20},"end":{"line":53,"column":29}},"8":{"start":{"line":54,"column":22},"end":{"line":54,"column":31}},"9":{"start":{"line":55,"column":23},"end":{"line":55,"column":32}},"10":{"start":{"line":56,"column":26},"end":{"line":56,"column":35}},"11":{"start":{"line":57,"column":26},"end":{"line":57,"column":35}},"12":{"start":{"line":58,"column":18},"end":{"line":58,"column":27}},"13":{"start":{"line":59,"column":17},"end":{"line":59,"column":26}},"14":{"start":{"line":60,"column":21},"end":{"line":60,"column":30}},"15":{"start":{"line":61,"column":23},"end":{"line":61,"column":32}},"16":{"start":{"line":62,"column":19},"end":{"line":62,"column":28}},"17":{"start":{"line":63,"column":21},"end":{"line":63,"column":30}},"18":{"start":{"line":64,"column":27},"end":{"line":64,"column":36}},"19":{"start":{"line":65,"column":30},"end":{"line":65,"column":39}},"20":{"start":{"line":66,"column":23},"end":{"line":66,"column":32}},"21":{"start":{"line":67,"column":22},"end":{"line":67,"column":31}},"22":{"start":{"line":68,"column":24},"end":{"line":68,"column":33}},"23":{"start":{"line":69,"column":23},"end":{"line":69,"column":32}},"24":{"start":{"line":70,"column":20},"end":{"line":70,"column":29}},"25":{"start":{"line":71,"column":27},"end":{"line":71,"column":36}},"26":{"start":{"line":72,"column":23},"end":{"line":72,"column":32}},"27":{"start":{"line":73,"column":25},"end":{"line":73,"column":34}},"28":{"start":{"line":75,"column":0},"end":{"line":106,"column":2}}},"fnMap":{},"branchMap":{"0":{"loc":{"start":{"line":46,"column":37},"end":{"line":46,"column":78}},"type":"binary-expr","locations":[{"start":{"line":46,"column":37},"end":{"line":46,"column":68}},{"start":{"line":46,"column":72},"end":{"line":46,"column":78}}],"line":46},"1":{"loc":{"start":{"line":47,"column":27},"end":{"line":47,"column":102}},"type":"binary-expr","locations":[{"start":{"line":47,"column":27},"end":{"line":47,"column":57}},{"start":{"line":47,"column":61},"end":{"line":47,"column":102}}],"line":47}},"s":{"0":0,"1":0,"2":0,"3":0,"4":0,"5":0,"6":0,"7":0,"8":0,"9":0,"10":0,"11":0,"12":0,"13":0,"14":0,"15":0,"16":0,"17":0,"18":0,"19":0,"20":0,"21":0,"22":0,"23":0,"24":0,"25":0,"26":0,"27":0,"28":0},"f":{},"b":{"0":[0,0],"1":[0,0]}}
,"/media/oem/data/nodejs/notification/controllerServer/console-logger.js": {"path":"/media/oem/data/nodejs/notification/controllerServer/console-logger.js","statementMap":{"0":{"start":{"line":11,"column":22},"end":{"line":11,"column":59}},"1":{"start":{"line":16,"column":19},"end":{"line":22,"column":1}},"2":{"start":{"line":27,"column":15},"end":{"line":35,"column":1}},"3":{"start":{"line":41,"column":2},"end":{"line":50,"column":98}},"4":{"start":{"line":57,"column":20},"end":{"line":57,"column":34}},"5":{"start":{"line":58,"column":17},"end":{"line":58,"column":39}},"6":{"start":{"line":59,"column":2},"end":{"line":59,"column":88}},"7":{"start":{"line":66,"column":2},"end":{"line":68,"column":3}},"8":{"start":{"line":67,"column":4},"end":{"line":67,"column":54}},"9":{"start":{"line":75,"column":2},"end":{"line":77,"column":3}},"10":{"start":{"line":76,"column":4},"end":{"line":76,"column":53}},"11":{"start":{"line":84,"column":2},"end":{"line":84,"column":54}},"12":{"start":{"line":91,"column":2},"end":{"line":91,"column":52}},"13":{"start":{"line":98,"column":2},"end":{"line":98,"column":54}},"14":{"start":{"line":99,"column":2},"end":{"line":101,"column":3}},"15":{"start":{"line":100,"column":4},"end":{"line":100,"column":62}},"16":{"start":{"line":108,"column":2},"end":{"line":108,"column":92}},"17":{"start":{"line":109,"column":2},"end":{"line":109,"column":62}},"18":{"start":{"line":110,"column":2},"end":{"line":110,"column":92}},"19":{"start":{"line":117,"column":2},"end":{"line":119,"column":3}},"20":{"start":{"line":118,"column":4},"end":{"line":118,"column":67}},"21":{"start":{"line":126,"column":2},"end":{"line":130,"column":4}},"22":{"start":{"line":133,"column":0},"end":{"line":143,"column":2}}},"fnMap":{"0":{"name":"getTimestamp","decl":{"start":{"line":40,"column":9},"end":{"line":40,"column":21}},"loc":{"start":{"line":40,"column":24},"end":{"line":51,"column":1}},"line":40},"1":{"name":"formatMessage","decl":{"start":{"line":56,"column":9},"end":{"line":56,"column":22}},"loc":{"start":{"line":56,"column":49},"end":{"line":60,"column":1}},"line":56},"2":{"name":"debug","decl":{"start":{"line":65,"column":9},"end":{"line":65,"column":14}},"loc":{"start":{"line":65,"column":34},"end":{"line":69,"column":1}},"line":65},"3":{"name":"info","decl":{"start":{"line":74,"column":9},"end":{"line":74,"column":13}},"loc":{"start":{"line":74,"column":53},"end":{"line":78,"column":1}},"line":74},"4":{"name":"success","decl":{"start":{"line":83,"column":9},"end":{"line":83,"column":16}},"loc":{"start":{"line":83,"column":36},"end":{"line":85,"column":1}},"line":83},"5":{"name":"warn","decl":{"start":{"line":90,"column":9},"end":{"line":90,"column":13}},"loc":{"start":{"line":90,"column":33},"end":{"line":92,"column":1}},"line":90},"6":{"name":"error","decl":{"start":{"line":97,"column":9},"end":{"line":97,"column":14}},"loc":{"start":{"line":97,"column":51},"end":{"line":102,"column":1}},"line":97},"7":{"name":"startup","decl":{"start":{"line":107,"column":9},"end":{"line":107,"column":16}},"loc":{"start":{"line":107,"column":26},"end":{"line":111,"column":1}},"line":107},"8":{"name":"section","decl":{"start":{"line":116,"column":9},"end":{"line":116,"column":16}},"loc":{"start":{"line":116,"column":24},"end":{"line":120,"column":1}},"line":116},"9":{"name":"getEnvironment","decl":{"start":{"line":125,"column":9},"end":{"line":125,"column":23}},"loc":{"start":{"line":125,"column":26},"end":{"line":131,"column":1}},"line":125}},"branchMap":{"0":{"loc":{"start":{"line":56,"column":39},"end":{"line":56,"column":47}},"type":"default-arg","locations":[{"start":{"line":56,"column":45},"end":{"line":56,"column":47}}],"line":56},"1":{"loc":{"start":{"line":58,"column":17},"end":{"line":58,"column":39}},"type":"cond-expr","locations":[{"start":{"line":58,"column":23},"end":{"line":58,"column":34}},{"start":{"line":58,"column":37},"end":{"line":58,"column":39}}],"line":58},"2":{"loc":{"start":{"line":65,"column":24},"end":{"line":65,"column":32}},"type":"default-arg","locations":[{"start":{"line":65,"column":30},"end":{"line":65,"column":32}}],"line":65},"3":{"loc":{"start":{"line":66,"column":2},"end":{"line":68,"column":3}},"type":"if","locations":[{"start":{"line":66,"column":2},"end":{"line":68,"column":3}},{"start":{},"end":{}}],"line":66},"4":{"loc":{"start":{"line":74,"column":23},"end":{"line":74,"column":31}},"type":"default-arg","locations":[{"start":{"line":74,"column":29},"end":{"line":74,"column":31}}],"line":74},"5":{"loc":{"start":{"line":74,"column":33},"end":{"line":74,"column":51}},"type":"default-arg","locations":[{"start":{"line":74,"column":46},"end":{"line":74,"column":51}}],"line":74},"6":{"loc":{"start":{"line":75,"column":2},"end":{"line":77,"column":3}},"type":"if","locations":[{"start":{"line":75,"column":2},"end":{"line":77,"column":3}},{"start":{},"end":{}}],"line":75},"7":{"loc":{"start":{"line":75,"column":6},"end":{"line":75,"column":33}},"type":"binary-expr","locations":[{"start":{"line":75,"column":6},"end":{"line":75,"column":19}},{"start":{"line":75,"column":23},"end":{"line":75,"column":33}}],"line":75},"8":{"loc":{"start":{"line":83,"column":26},"end":{"line":83,"column":34}},"type":"default-arg","locations":[{"start":{"line":83,"column":32},"end":{"line":83,"column":34}}],"line":83},"9":{"loc":{"start":{"line":90,"column":23},"end":{"line":90,"column":31}},"type":"default-arg","locations":[{"start":{"line":90,"column":29},"end":{"line":90,"column":31}}],"line":90},"10":{"loc":{"start":{"line":97,"column":24},"end":{"line":97,"column":32}},"type":"default-arg","locations":[{"start":{"line":97,"column":30},"end":{"line":97,"column":32}}],"line":97},"11":{"loc":{"start":{"line":97,"column":34},"end":{"line":97,"column":49}},"type":"default-arg","locations":[{"start":{"line":97,"column":45},"end":{"line":97,"column":49}}],"line":97},"12":{"loc":{"start":{"line":99,"column":2},"end":{"line":101,"column":3}},"type":"if","locations":[{"start":{"line":99,"column":2},"end":{"line":101,"column":3}},{"start":{},"end":{}}],"line":99},"13":{"loc":{"start":{"line":99,"column":6},"end":{"line":99,"column":31}},"type":"binary-expr","locations":[{"start":{"line":99,"column":6},"end":{"line":99,"column":14}},{"start":{"line":99,"column":18},"end":{"line":99,"column":31}}],"line":99},"14":{"loc":{"start":{"line":117,"column":2},"end":{"line":119,"column":3}},"type":"if","locations":[{"start":{"line":117,"column":2},"end":{"line":119,"column":3}},{"start":{},"end":{}}],"line":117},"15":{"loc":{"start":{"line":127,"column":10},"end":{"line":127,"column":54}},"type":"cond-expr","locations":[{"start":{"line":127,"column":26},"end":{"line":127,"column":39}},{"start":{"line":127,"column":42},"end":{"line":127,"column":54}}],"line":127}},"s":{"0":0,"1":0,"2":0,"3":0,"4":0,"5":0,"6":0,"7":0,"8":0,"9":0,"10":0,"11":0,"12":0,"13":0,"14":0,"15":0,"16":0,"17":0,"18":0,"19":0,"20":0,"21":0,"22":0},"f":{"0":0,"1":0,"2":0,"3":0,"4":0,"5":0,"6":0,"7":0,"8":0,"9":0},"b":{"0":[0],"1":[0,0],"2":[0],"3":[0,0],"4":[0],"5":[0],"6":[0,0],"7":[0,0],"8":[0],"9":[0],"10":[0],"11":[0],"12":[0,0],"13":[0,0],"14":[0,0],"15":[0,0]}}
,"/media/oem/data/nodejs/notification/controllerServer/control-server.js": {"path":"/media/oem/data/nodejs/notification/controllerServer/control-server.js","statementMap":{"0":{"start":{"line":1,"column":16},"end":{"line":1,"column":34}},"1":{"start":{"line":2,"column":11},"end":{"line":2,"column":24}},"2":{"start":{"line":3,"column":13},"end":{"line":3,"column":28}},"3":{"start":{"line":4,"column":32},"end":{"line":4,"column":51}},"4":{"start":{"line":5,"column":48},"end":{"line":5,"column":64}},"5":{"start":{"line":6,"column":154},"end":{"line":6,"column":179}},"6":{"start":{"line":7,"column":76},"end":{"line":7,"column":95}},"7":{"start":{"line":8,"column":221},"end":{"line":8,"column":249}},"8":{"start":{"line":9,"column":105},"end":{"line":9,"column":127}},"9":{"start":{"line":10,"column":19},"end":{"line":10,"column":46}},"10":{"start":{"line":12,"column":12},"end":{"line":12,"column":21}},"11":{"start":{"line":13,"column":18},"end":{"line":13,"column":65}},"12":{"start":{"line":14,"column":18},"end":{"line":14,"column":52}},"13":{"start":{"line":17,"column":17},"end":{"line":17,"column":19}},"14":{"start":{"line":19,"column":0},"end":{"line":19,"column":24}},"15":{"start":{"line":20,"column":0},"end":{"line":20,"column":48}},"16":{"start":{"line":23,"column":0},"end":{"line":29,"column":3}},"17":{"start":{"line":24,"column":20},"end":{"line":24,"column":77}},"18":{"start":{"line":25,"column":2},"end":{"line":27,"column":3}},"19":{"start":{"line":26,"column":4},"end":{"line":26,"column":38}},"20":{"start":{"line":28,"column":2},"end":{"line":28,"column":9}},"21":{"start":{"line":33,"column":2},"end":{"line":38,"column":3}},"22":{"start":{"line":34,"column":4},"end":{"line":34,"column":58}},"23":{"start":{"line":36,"column":4},"end":{"line":36,"column":60}},"24":{"start":{"line":37,"column":4},"end":{"line":37,"column":25}},"25":{"start":{"line":43,"column":15},"end":{"line":43,"column":26}},"26":{"start":{"line":44,"column":2},"end":{"line":44,"column":82}},"27":{"start":{"line":44,"column":30},"end":{"line":44,"column":80}},"28":{"start":{"line":48,"column":2},"end":{"line":67,"column":3}},"29":{"start":{"line":49,"column":4},"end":{"line":64,"column":5}},"30":{"start":{"line":50,"column":22},"end":{"line":50,"column":56}},"31":{"start":{"line":52,"column":6},"end":{"line":62,"column":7}},"32":{"start":{"line":53,"column":8},"end":{"line":53,"column":81}},"33":{"start":{"line":54,"column":8},"end":{"line":61,"column":10}},"34":{"start":{"line":63,"column":6},"end":{"line":63,"column":33}},"35":{"start":{"line":66,"column":4},"end":{"line":66,"column":63}},"36":{"start":{"line":68,"column":2},"end":{"line":75,"column":4}},"37":{"start":{"line":79,"column":2},"end":{"line":83,"column":3}},"38":{"start":{"line":80,"column":4},"end":{"line":80,"column":64}},"39":{"start":{"line":82,"column":4},"end":{"line":82,"column":62}},"40":{"start":{"line":88,"column":2},"end":{"line":90,"column":3}},"41":{"start":{"line":89,"column":4},"end":{"line":89,"column":82}},"42":{"start":{"line":91,"column":2},"end":{"line":91,"column":9}},"43":{"start":{"line":95,"column":0},"end":{"line":254,"column":3}},"44":{"start":{"line":96,"column":2},"end":{"line":253,"column":5}},"45":{"start":{"line":257,"column":0},"end":{"line":272,"column":3}},"46":{"start":{"line":258,"column":33},"end":{"line":258,"column":41}},"47":{"start":{"line":260,"column":15},"end":{"line":260,"column":52}},"48":{"start":{"line":261,"column":2},"end":{"line":263,"column":3}},"49":{"start":{"line":262,"column":4},"end":{"line":262,"column":77}},"50":{"start":{"line":266,"column":20},"end":{"line":266,"column":59}},"51":{"start":{"line":267,"column":2},"end":{"line":267,"column":60}},"52":{"start":{"line":270,"column":2},"end":{"line":270,"column":74}},"53":{"start":{"line":271,"column":2},"end":{"line":271,"column":54}},"54":{"start":{"line":275,"column":0},"end":{"line":281,"column":3}},"55":{"start":{"line":276,"column":2},"end":{"line":280,"column":3}},"56":{"start":{"line":277,"column":4},"end":{"line":277,"column":29}},"57":{"start":{"line":279,"column":4},"end":{"line":279,"column":27}},"58":{"start":{"line":284,"column":0},"end":{"line":291,"column":3}},"59":{"start":{"line":285,"column":20},"end":{"line":285,"column":77}},"60":{"start":{"line":286,"column":2},"end":{"line":288,"column":3}},"61":{"start":{"line":287,"column":4},"end":{"line":287,"column":31}},"62":{"start":{"line":289,"column":2},"end":{"line":289,"column":91}},"63":{"start":{"line":290,"column":2},"end":{"line":290,"column":25}},"64":{"start":{"line":293,"column":0},"end":{"line":295,"column":3}},"65":{"start":{"line":294,"column":2},"end":{"line":294,"column":24}},"66":{"start":{"line":297,"column":0},"end":{"line":306,"column":3}},"67":{"start":{"line":298,"column":2},"end":{"line":305,"column":3}},"68":{"start":{"line":299,"column":17},"end":{"line":299,"column":35}},"69":{"start":{"line":300,"column":4},"end":{"line":300,"column":71}},"70":{"start":{"line":301,"column":4},"end":{"line":301,"column":45}},"71":{"start":{"line":303,"column":4},"end":{"line":303,"column":55}},"72":{"start":{"line":304,"column
[...]
"67":{"loc":{"start":{"line":682,"column":6},"end":{"line":685,"column":7}},"type":"if","locations":[{"start":{"line":682,"column":6},"end":{"line":685,"column":7}},{"start":{},"end":{}}],"line":682},"68":{"loc":{"start":{"line":693,"column":4},"end":{"line":737,"column":5}},"type":"if","locations":[{"start":{"line":693,"column":4},"end":{"line":737,"column":5}},{"start":{},"end":{}}],"line":693},"69":{"loc":{"start":{"line":693,"column":8},"end":{"line":693,"column":66}},"type":"binary-expr","locations":[{"start":{"line":693,"column":8},"end":{"line":693,"column":41}},{"start":{"line":693,"column":45},"end":{"line":693,"column":66}}],"line":693},"70":{"loc":{"start":{"line":694,"column":6},"end":{"line":736,"column":7}},"type":"if","locations":[{"start":{"line":694,"column":6},"end":{"line":736,"column":7}},{"start":{"line":696,"column":13},"end":{"line":736,"column":7}}],"line":694},"71":{"loc":{"start":{"line":698,"column":147},"end":{"line":698,"column":180}},"type":"binary-expr","locations":[{"start":{"line":698,"column":147},"end":{"line":698,"column":171}},{"start":{"line":698,"column":175},"end":{"line":698,"column":180}}],"line":698},"72":{"loc":{"start":{"line":723,"column":52},"end":{"line":723,"column":85}},"type":"binary-expr","locations":[{"start":{"line":723,"column":52},"end":{"line":723,"column":76}},{"start":{"line":723,"column":80},"end":{"line":723,"column":85}}],"line":723},"73":{"loc":{"start":{"line":744,"column":4},"end":{"line":747,"column":5}},"type":"if","locations":[{"start":{"line":744,"column":4},"end":{"line":747,"column":5}},{"start":{},"end":{}}],"line":744},"74":{"loc":{"start":{"line":744,"column":8},"end":{"line":744,"column":36}},"type":"binary-expr","locations":[{"start":{"line":744,"column":8},"end":{"line":744,"column":14}},{"start":{"line":744,"column":18},"end":{"line":744,"column":36}}],"line":744},"75":{"loc":{"start":{"line":750,"column":30},"end":{"line":750,"column":61}},"type":"binary-expr","locations":[{"start":{"line":750,"column":30},"end":{"line":750,"column":55}},{"start":{"line":750,"column":59},"end":{"line":750,"column":61}}],"line":750},"76":{"loc":{"start":{"line":751,"column":40},"end":{"line":751,"column":96}},"type":"binary-expr","locations":[{"start":{"line":751,"column":40},"end":{"line":751,"column":61}},{"start":{"line":751,"column":65},"end":{"line":751,"column":96}}],"line":751},"77":{"loc":{"start":{"line":755,"column":6},"end":{"line":755,"column":64}},"type":"if","locations":[{"start":{"line":755,"column":6},"end":{"line":755,"column":64}},{"start":{},"end":{}}],"line":755},"78":{"loc":{"start":{"line":760,"column":4},"end":{"line":769,"column":5}},"type":"if","locations":[{"start":{"line":760,"column":4},"end":{"line":769,"column":5}},{"start":{},"end":{}}],"line":760},"79":{"loc":{"start":{"line":760,"column":8},"end":{"line":760,"column":51}},"type":"binary-expr","locations":[{"start":{"line":760,"column":8},"end":{"line":760,"column":25}},{"start":{"line":760,"column":29},"end":{"line":760,"column":51}}],"line":760},"80":{"loc":{"start":{"line":763,"column":6},"end":{"line":768,"column":7}},"type":"if","locations":[{"start":{"line":763,"column":6},"end":{"line":768,"column":7}},{"start":{},"end":{}}],"line":763},"81":{"loc":{"start":{"line":771,"column":4},"end":{"line":776,"column":5}},"type":"if","locations":[{"start":{"line":771,"column":4},"end":{"line":776,"column":5}},{"start":{},"end":{}}],"line":771},"82":{"loc":{"start":{"line":771,"column":8},"end":{"line":771,"column":37}},"type":"binary-expr","locations":[{"start":{"line":771,"column":8},"end":{"line":771,"column":25}},{"start":{"line":771,"column":29},"end":{"line":771,"column":37}}],"line":771},"83":{"loc":{"start":{"line":779,"column":4},"end":{"line":784,"column":5}},"type":"if","locations":[{"start":{"line":779,"column":4},"end":{"line":784,"column":5}},{"start":{},"end":{}}],"line":779},"84":{"loc":{"start":{"line":788,"column":49},"end":{"line":788,"column":65}},"type":"binary-expr","locations":[{"start":{"line":788,"column":49},"end":{"line":788,"column":56}},{"start":{"line":788,"column":60},"end":{"line":788,"column":65}}],"line":788},"85":{"loc":{"start":{"line":788,"column":76},"end":{"line":788,"column":99}},"type":"binary-expr","locations":[{"start":{"line":788,"column":76},"end":{"line":788,"column":90}},{"start":{"line":788,"column":94},"end":{"line":788,"column":99}}],"line":788},"86":{"loc":{"start":{"line":792,"column":21},"end":{"line":792,"column":134}},"type":"cond-expr","locations":[{"start":{"line":792,"column":42},"end":{"line":792,"column":95}},{"start":{"line":792,"column":98},"end":{"line":792,"column":134}}],"line":792},"87":{"loc":{"start":{"line":826,"column":59},"end":{"line":826,"column":75}},"type":"binary-expr","locations":[{"start":{"line":826,"column":59},"end":{"line":826,"column":66}},{"start":{"line":826,"column":70},"end":{"line":826,"column":75}}],"line":826},"88":{"loc":{"start":{"line":827,"column":24},"end":{"line":827,"column":47}},"type":"binary-expr","locations":[{"start":{"line":827,"column":24},"end":{"line":827,"column":38}},{"start":{"line":827,"column":42},"end":{"line":827,"column":47}}],"line":827},"89":{"loc":{"start":{"line":834,"column":12},"end":{"line":846,"column":11}},"type":"cond-expr","locations":[{"start":{"line":834,"column":33},"end":{"line":841,"column":11}},{"start":{"line":841,"column":14},"end":{"line":846,"column":11}}],"line":834},"90":{"loc":{"start":{"line":857,"column":4},"end":{"line":862,"column":5}},"type":"if","locations":[{"start":{"line":857,"column":4},"end":{"line":862,"column":5}},{"start":{"line":860,"column":11},"end":{"line":862,"column":5}}],"line":857},"91":{"loc":{"start":{"line":864,"column":4},"end":{"line":869,"column":5}},"type":"if","locations":[{"start":{"line":864,"column":4},"end":{"line":869,"column":5}},{"start":{"line":867,"column":11},"end":{"line":869,"column":5}}],"line":864},"92":{"loc":{"start":{"line":891,"column":2},"end":{"line":895,"column":3}},"type":"if","locations":[{"start":{"line":891,"column":2},"end":{"line":895,"column":3}},{"start":{},"end":{}}],"line":891},"93":{"loc":{"start":{"line":919,"column":28},"end":{"line":919,"column":57}},"type":"binary-expr","locations":[{"start":{"line":919,"column":28},"end":{"line":919,"column":48}},{"start":{"line":919,"column":52},"end":{"line":919,"column":57}}],"line":919},"94":{"loc":{"start":{"line":920,"column":4},"end":{"line":937,"column":5}},"type":"if","locations":[{"start":{"line":920,"column":4},"end":{"line":937,"column":5}},{"start":{},"end":{}}],"line":920},"95":{"loc":{"start":{"line":924,"column":6},"end":{"line":936,"column":7}},"type":"if","locations":[{"start":{"line":924,"column":6},"end":{"line":936,"column":7}},{"start":{},"end":{}}],"line":924},"96":{"loc":{"start":{"line":925,"column":62},"end":{"line":925,"column":85}},"type":"binary-expr","locations":[{"start":{"line":925,"column":62},"end":{"line":925,"column":76}},{"start":{"line":925,"column":80},"end":{"line":925,"column":85}}],"line":925},"97":{"loc":{"start":{"line":953,"column":21},"end":{"line":953,"column":50}},"type":"binary-expr","locations":[{"start":{"line":953,"column":21},"end":{"line":953,"column":41}},{"start":{"line":953,"column":45},"end":{"line":953,"column":50}}],"line":953},"98":{"loc":{"start":{"line":956,"column":27},"end":{"line":956,"column":58}},"type":"binary-expr","locations":[{"start":{"line":956,"column":27},"end":{"line":956,"column":45}},{"start":{"line":956,"column":49},"end":{"line":956,"column":58}}],"line":956},"99":{"loc":{"start":{"line":958,"column":27},"end":{"line":958,"column":55}},"type":"cond-expr","locations":[{"start":{"line":958,"column":46},"end":{"line":958,"column":49}},{"start":{"line":958,"column":52},"end":{"line":958,"column":55}}],"line":958},"100":{"loc":{"start":{"line":958,"column":68},"end":{"line":958,"column":98}},"type":"cond-expr","locations":[{"start":{"line":958,"column":89},"end":{"line":958,"column":92}},{"start":{"line":958,"column":95},"end":{"line":958,"column":98}}],"line":958},"101":{"loc":{"start":{"line":959,"column":35},"end":{"line":959,"column":60}},"type":"binary-expr","locations":[{"start":{"line":959,"column":35},"end":{"line":959,"column":54}},{"start":{"line":959,"column":58},"end":{"line":959,"column":60}}],"line":959},"102":{"loc":{"start":{"line":959,"column":78},"end":{"line":959,"column":105}},"type":"binary-expr","locations":[{"start":{"line":959,"column":78},"end":{"line":959,"column":99}},{"start":{"line":959,"column":103},"end":{"line":959,"column":105}}],"line":959},"103":{"loc":{"start":{"line":984,"column":2},"end":{"line":994,"column":3}},"type":"if","locations":[{"start":{"line":984,"column":2},"end":{"line":994,"column":3}},{"start":{"line":991,"column":9},"end":{"line":994,"column":3}}],"line":984},"104":{"loc":{"start":{"line":1030,"column":18},"end":{"line":1030,"column":47}},"type":"binary-expr","locations":[{"start":{"line":1030,"column":18},"end":{"line":1030,"column":38}},{"start":{"line":1030,"column":42},"end":{"line":1030,"column":47}}],"line":1030}},"s":{"0":0,"1":0,"2":0,"3":0,"4":0,"5":0,"6":0,"7":0,"8":0,"9":0,"10":0,"11":0,"12":0,"13":0,"14":0,"15":0,"16":0,"17":0,"18":0,"19":0,"20":0,"21":0,"22":0,"23":0,"24":0,"25":0,"26":0,"27":0,"28":0,"29":0,"30":0,"31":0,"32":0,"33":0,"34":0,"35":0,"36":0,"37":0,"38":0,"39":0,"40":0,"41":0,"42":0,"43":0,"44":0,"45":0,"46":0,"47":0,"48":0,"49":0,"50":0,"51":0,"52":0,"53":0,"54":0,"55":0,"56":0,"57":0,"58":0,"59":0,"60":0,"61":0,"62":0,"63":0,"64":0,"65":0,"66":0,"67":0,"68":0,"69":0,"70":0,"71":0,"72":0,"73":0,"74":0,"75":0,"76":0,"77":0,"78":0,"79":0,"80":0,"81":0,"82":0,"83":0,"84":0,"85":0,"86":0,"87":0,"88":0,"89":0,"90":0,"91":0,"92":0,"93":0,"94":0,"95":0,"96":0,"97":0,"98":0,"99":0,"100":0,"101":0,"102":0,"103":0,"104":0,"105":0,"106":0,"107":0,"108":0,"109":0,"110":0,"111":0,"112":0,"113":0,"114":0,"115":0,"116":0,"117":0,"118":0,"119":0,"120":0,"121":0,"122":0,"123":0,"124":0,"125":0,"126":0,"127":0,"128":0,"129":0,"130":0,"131":0,"132":0,"133":0,"134":0,"135":0,"136":0,"137":0,"138":0,"139":0,"140":0,"141":0,"142":0,"143":0,"144":0,"145":0,"146":0,"147":0,"148":0,"149":0,"150":0,"151":0,"152":0,"153":0,"154":0,"155":0,"156":0,"157":0,"158":0,"159":0,"160":0,"161":0,"162":0,"163":0,"164":0,"165":0,"166":0,"167":0,"168":0,"169":0,"170":0,"171":0,"172":0,"173":0,"174":0,"175":0,"176":0,"177":0,"178":0,"179":0,"180":0,"181":0,"182":0,"183":0,"184":0,"185":0,"186":0,"187":0,"188":0,"189":0,"190":0,"191":0,"192":0,"193":0,"194":0,"195":0,"196":0,"197":0,"198":0,"199":0,"200":0,"201":0,"202":0,"203":0,"204":0,"205":0,"206":0,"207":0,"208":0,"209":0,"210":0,"211":0,"212":0,"213":0,"214":0,"215":0,"216":0,"217":0,"218":0,"219":0,"220":0,"221":0,"222":0,"223":0,"224":0,"225":0,"226":0,"227":0,"228":0,"229":0,"230":0,"231":0,"232":0,"233":0,"234":0,"235":0,"236":0,"237":0,"238":0,"239":0,"240":0,"241":0,"242":0,"243":0,"244":0,"245":0,"246":0,"247":0,"248":0,"249":0,"250":0,"251":0,"252":0,"253":0,"254":0,"255":0,"256":0,"257":0,"258":0,"259":0,"260":0,"261":0,"262":0,"263":0,"264":0,"265":0,"266":0,"267":0,"268":0,"269":0,"270":0,"271":0,"272":0,"273":0,"274":0,"275":0,"276":0,"277":0,"278":0,"279":0,"280":0,"281":0,"282":0,"283":0,"284":0,"285":0,"286":0,"287":0,"288":0,"289":0,"290":0,"291":0,"292":0,"293":0,"294":0,"295":0,"296":0,"297":0,"298":0,"299":0,"300":0,"301":0,"302":0,"303":0,"304":0,"305":0,"306":0,"307":0,"308":0,"309":0,"310":0,"311":0,"312":0,"313":0,"314":0,"315":0,"316":0,"317":0,"318":0,"319":0,"320":0,"321":0,"322":0,"323":0,"324":0,"325":0,"326":0,"327":0,"328":0,"329":0,"330":0,"331":0,"332":0,"333":0},"f":{"0":0,"1":0,"2":0,"3":0,"4":0,"5":0,"6":0,"7":0,"8":0,"9":0,"10":0,"11":0,"12":0,"13":0,"14":0,"15":0,"16":0,"17":0,"18":0,"19":0,"20":0,"21":0,"22":0,"23":0,"24":0,"25":0,"26":0},"b":{"0":[0,0],"1":[0,0],"2":[0,0],"3":[0],"4":[0],"5":[0],"6":[0],"7":[0],"8":[0,0,0,0,0,0],"9":[0,0],"10":[0,0],"11":[0,0],"12":[0,0],"13":[0,0],"14":[0,0],"15":[0,0],"16":[0,0],"17":[0,0],"18":[0,0],"19":[0,0],"20":[0,0],"21":[0,0],"22":[0,0],"23":[0,0],"24":[0,0],"25":[0,0],"26":[0,0],"27":[0,0],"28":[0,0],"29":[0],"30":[0],"31":[0,0],"32":[0,0],"33":[0,0],"34":[0,0],"35":[0,0],"36":[0,0,0],"37":[0,0],"38":[0,0,0],"39":[0],"40":[0],"41":[0,0],"42":[0,0],"43":[0,0],"44":[0,0],"45":[0,0],"46":[0,0],"47":[0,0],"48":[0,0],"49":[0,0],"50":[0,0],"51":[0,0,0],"52":[0,0],"53":[0,0,0],"54":[0,0],"55":[0,0],"56":[0,0],"57":[0,0],"58":[0,0],"59":[0,0],"60":[0,0],"61":[0,0],"62":[0,0],"63":[0,0],"64":[0,0],"65":[0,0],"66":[0,0],"67":[0,0],"68":[0,0],"69":[0,0],"70":[0,0],"71":[0,0],"72":[0,0],"73":[0,0],"74":[0,0],"75":[0,0],"76":[0,0],"77":[0,0],"78":[0,0],"79":[0,0],"80":[0,0],"81":[0,0],"82":[0,0],"83":[0,0],"84":[0,0],"85":[0,0],"86":[0,0],"87":[0,0],"88":[0,0],"89":[0,0],"90":[0,0],"91":[0,0],"92":[0,0],"93":[0,0],"94":[0,0],"95":[0,0],"96":[0,0],"97":[0,0],"98":[0,0],"99":[0,0],"100":[0,0],"101":[0,0],"102":[0,0],"103":[0,0],"104":[0,0]}}
,"/media/oem/data/nodejs/notification/controllerServer/server.js": {"path":"/media/oem/data/nodejs/notification/controllerServer/server.js","statementMap":{"0":{"start":{"line":1,"column":35},"end":{"line":1,"column":57}},"1":{"start":{"line":2,"column":43},"end":{"line":2,"column":71}},"2":{"start":{"line":8,"column":2},"end":{"line":17,"column":98}},"3":{"start":{"line":24,"column":2},"end":{"line":24,"column":53}},"4":{"start":{"line":25,"column":2},"end":{"line":25,"column":49}},"5":{"start":{"line":27,"column":2},"end":{"line":69,"column":3}},"6":{"start":{"line":29,"column":23},"end":{"line":29,"column":38}},"7":{"start":{"line":30,"column":25},"end":{"line":30,"column":42}},"8":{"start":{"line":31,"column":20},"end":{"line":31,"column":45}},"9":{"start":{"line":33,"column":4},"end":{"line":33,"column":83}},"10":{"start":{"line":35,"column":4},"end":{"line":53,"column":5}},"11":{"start":{"line":36,"column":6},"end":{"line":36,"column":93}},"12":{"start":{"line":37,"column":6},"end":{"line":44,"column":9}},"13":{"start":{"line":38,"column":8},"end":{"line":43,"column":9}},"14":{"start":{"line":39,"column":10},"end":{"line":39,"column":38}},"15":{"start":{"line":40,"column":10},"end":{"line":40,"column":60}},"16":{"start":{"line":42,"column":10},"end":{"line":42,"column":85}},"17":{"start":{"line":45,"column":6},"end":{"line":45,"column":73}},"18":{"start":{"line":47,"column":6},"end":{"line":52,"column":7}},"19":{"start":{"line":48,"column":8},"end":{"line":48,"column":92}},"20":{"start":{"line":49,"column":8},"end":{"line":49,"column":65}},"21":{"start":{"line":51,"column":8},"end":{"line":51,"column":58}},"22":{"start":{"line":56,"column":4},"end":{"line":59,"column":7}},"23":{"start":{"line":57,"column":6},"end":{"line":57,"column":60}},"24":{"start":{"line":58,"column":6},"end":{"line":58,"column":22}},"25":{"start":{"line":61,"column":4},"end":{"line":64,"column":7}},"26":{"start":{"line":62,"column":6},"end":{"line":62,"column":61}},"27":{"start":{"line":63,"column":6},"end":{"line":63,"column":22}},"28":{"start":{"line":67,"column":4},"end":{"line":67,"column":41}},"29":{"start":{"line":68,"column":4},"end":{"line":68,"column":20}},"30":{"start":{"line":73,"column":0},"end":{"line":73,"column":7}}},"fnMap":{"0":{"name":"getDhakaTime","decl":{"start":{"line":7,"column":9},"end":{"line":7,"column":21}},"loc":{"start":{"line":7,"column":24},"end":{"line":18,"column":1}},"line":7},"1":{"name":"main","decl":{"start":{"line":23,"column":15},"end":{"line":23,"column":19}},"loc":{"start":{"line":23,"column":22},"end":{"line":70,"column":1}},"line":23},"2":{"name":"(anonymous_2)","decl":{"start":{"line":37,"column":25},"end":{"line":37,"column":26}},"loc":{"start":{"line":37,"column":32},"end":{"line":44,"column":7}},"line":37},"3":{"name":"(anonymous_3)","decl":{"start":{"line":56,"column":25},"end":{"line":56,"column":26}},"loc":{"start":{"line":56,"column":31},"end":{"line":59,"column":5}},"line":56},"4":{"name":"(anonymous_4)","decl":{"start":{"line":61,"column":26},"end":{"line":61,"column":27}},"loc":{"start":{"line":61,"column":32},"end":{"line":64,"column":5}},"line":61}},"branchMap":{"0":{"loc":{"start":{"line":35,"column":4},"end":{"line":53,"column":5}},"type":"if","locations":[{"start":{"line":35,"column":4},"end":{"line":53,"column":5}},{"start":{"line":46,"column":11},"end":{"line":53,"column":5}}],"line":35},"1":{"loc":{"start":{"line":47,"column":6},"end":{"line":52,"column":7}},"type":"if","locations":[{"start":{"line":47,"column":6},"end":{"line":52,"column":7}},{"start":{"line":50,"column":13},"end":{"line":52,"column":7}}],"line":47}},"s":{"0":0,"1":0,"2":0,"3":0,"4":0,"5":0,"6":0,"7":0,"8":0,"9":0,"10":0,"11":0,"12":0,"13":0,"14":0,"15":0,"16":0,"17":0,"18":0,"19":0,"20":0,"21":0,"22":0,"23":0,"24":0,"25":0,"26":0,"27":0,"28":0,"29":0,"30":0},"f":{"0":0,"1":0,"2":0,"3":0,"4":0},"b":{"0":[0,0],"1":[0,0]}}
,"/media/oem/data/nodejs/notification/controllerServer/sms.js": {"path":"/media/oem/data/nodejs/notification/controllerServer/sms.js","statementMap":{"0":{"start":{"line":1,"column":14},"end":{"line":1,"column":30}},"1":{"start":{"line":2,"column":22},"end":{"line":2,"column":47}},"2":{"start":{"line":3,"column":19},"end":{"line":3,"column":46}},"3":{"start":{"line":12,"column":2},"end":{"line":46,"column":3}},"4":{"start":{"line":13,"column":19},"end":{"line":13,"column":30}},"5":{"start":{"line":16,"column":21},"end":{"line":16,"column":55}},"6":{"start":{"line":18,"column":4},"end":{"line":21,"column":5}},"7":{"start":{"line":19,"column":6},"end":{"line":19,"column":61}},"8":{"start":{"line":20,"column":6},"end":{"line":20,"column":53}},"9":{"start":{"line":23,"column":27},"end":{"line":23,"column":54}},"10":{"start":{"line":24,"column":16},"end":{"line":24,"column":70}},"11":{"start":{"line":27,"column":20},"end":{"line":27,"column":22}},"12":{"start":{"line":28,"column":19},"end":{"line":28,"column":46}},"13":{"start":{"line":29,"column":4},"end":{"line":31,"column":5}},"14":{"start":{"line":30,"column":6},"end":{"line":30,"column":36}},"15":{"start":{"line":33,"column":4},"end":{"line":33,"column":77}},"16":{"start":{"line":34,"column":21},"end":{"line":34,"column":54}},"17":{"start":{"line":36,"column":4},"end":{"line":36,"column":71}},"18":{"start":{"line":37,"column":4},"end":{"line":37,"column":78}},"19":{"start":{"line":39,"column":4},"end":{"line":39,"column":25}},"20":{"start":{"line":41,"column":4},"end":{"line":41,"column":92}},"21":{"start":{"line":42,"column":4},"end":{"line":44,"column":5}},"22":{"start":{"line":43,"column":6},"end":{"line":43,"column":90}},"23":{"start":{"line":45,"column":4},"end":{"line":45,"column":16}},"24":{"start":{"line":49,"column":0},"end":{"line":51,"column":2}}},"fnMap":{"0":{"name":"sendSMS","decl":{"start":{"line":11,"column":15},"end":{"line":11,"column":22}},"loc":{"start":{"line":11,"column":58},"end":{"line":47,"column":1}},"line":11}},"branchMap":{"0":{"loc":{"start":{"line":16,"column":21},"end":{"line":16,"column":55}},"type":"binary-expr","locations":[{"start":{"line":16,"column":21},"end":{"line":16,"column":32}},{"start":{"line":16,"column":36},"end":{"line":16,"column":55}}],"line":16},"1":{"loc":{"start":{"line":18,"column":4},"end":{"line":21,"column":5}},"type":"if","locations":[{"start":{"line":18,"column":4},"end":{"line":21,"column":5}},{"start":{},"end":{}}],"line":18},"2":{"loc":{"start":{"line":29,"column":4},"end":{"line":31,"column":5}},"type":"if","locations":[{"start":{"line":29,"column":4},"end":{"line":31,"column":5}},{"start":{},"end":{}}],"line":29},"3":{"loc":{"start":{"line":42,"column":4},"end":{"line":44,"column":5}},"type":"if","locations":[{"start":{"line":42,"column":4},"end":{"line":44,"column":5}},{"start":{},"end":{}}],"line":42}},"s":{"0":0,"1":0,"2":0,"3":0,"4":0,"5":0,"6":0,"7":0,"8":0,"9":0,"10":0,"11":0,"12":0,"13":0,"14":0,"15":0,"16":0,"17":0,"18":0,"19":0,"20":0,"21":0,"22":0,"23":0,"24":0},"f":{"0":0},"b":{"0":[0,0],"1":[0,0],"2":[0,0],"3":[0,0]}}
}
