TN:
SF:api.js
FN:9,buildRequestConfig
FN:73,fetchTransactions
FN:94,getPath
FN:98,(anonymous_3)
FN:120,mapItemsFromData
FN:149,(anonymous_5)
FNF:6
FNH:0
FNDA:0,buildRequestConfig
FNDA:0,fetchTransactions
FNDA:0,getPath
FNDA:0,(anonymous_3)
FNDA:0,mapItemsFromData
FNDA:0,(anonymous_5)
DA:1,0
DA:2,0
DA:3,0
DA:10,0
DA:30,0
DA:33,0
DA:34,0
DA:35,0
DA:36,0
DA:37,0
DA:39,0
DA:46,0
DA:47,0
DA:50,0
DA:51,0
DA:52,0
DA:53,0
DA:55,0
DA:56,0
DA:57,0
DA:58,0
DA:59,0
DA:65,0
DA:74,0
DA:75,0
DA:76,0
DA:77,0
DA:78,0
DA:79,0
DA:81,0
DA:83,0
DA:85,0
DA:86,0
DA:95,0
DA:96,0
DA:98,0
DA:99,0
DA:101,0
DA:102,0
DA:103,0
DA:106,0
DA:107,0
DA:108,0
DA:109,0
DA:111,0
DA:121,0
DA:133,0
DA:136,0
DA:137,0
DA:138,0
DA:139,0
DA:140,0
DA:142,0
DA:143,0
DA:144,0
DA:145,0
DA:146,0
DA:149,0
DA:158,0
LF:59
LH:0
BRDA:9,0,0,0
BRDA:10,1,0,0
BRDA:10,1,1,0
BRDA:33,2,0,0
BRDA:33,2,1,0
BRDA:34,3,0,0
BRDA:34,3,1,0
BRDA:34,3,2,0
BRDA:35,4,0,0
BRDA:35,4,1,0
BRDA:35,4,2,0
BRDA:36,5,0,0
BRDA:36,5,1,0
BRDA:36,5,2,0
BRDA:37,6,0,0
BRDA:37,6,1,0
BRDA:37,6,2,0
BRDA:46,7,0,0
BRDA:46,7,1,0
BRDA:50,8,0,0
BRDA:50,8,1,0
BRDA:50,8,2,0
BRDA:51,9,0,0
BRDA:51,9,1,0
BRDA:52,10,0,0
BRDA:52,10,1,0
BRDA:53,11,0,0
BRDA:53,11,1,0
BRDA:55,12,0,0
BRDA:55,12,1,0
BRDA:55,13,0,0
BRDA:55,13,1,0
BRDA:56,14,0,0
BRDA:56,14,1,0
BRDA:58,15,0,0
BRDA:58,15,1,0
BRDA:58,16,0,0
BRDA:58,16,1,0
BRDA:61,17,0,0
BRDA:61,17,1,0
BRDA:73,18,0,0
BRDA:77,19,0,0
BRDA:77,19,1,0
BRDA:78,20,0,0
BRDA:78,20,1,0
BRDA:83,21,0,0
BRDA:83,21,1,0
BRDA:95,22,0,0
BRDA:95,22,1,0
BRDA:95,23,0,0
BRDA:95,23,1,0
BRDA:102,24,0,0
BRDA:102,24,1,0
BRDA:103,25,0,0
BRDA:103,25,1,0
BRDA:108,26,0,0
BRDA:108,26,1,0
BRDA:108,27,0,0
BRDA:108,27,1,0
BRDA:120,28,0,0
BRDA:121,29,0,0
BRDA:121,29,1,0
BRDA:136,30,0,0
BRDA:136,30,1,0
BRDA:137,31,0,0
BRDA:137,31,1,0
BRDA:138,32,0,0
BRDA:138,32,1,0
BRDA:139,33,0,0
BRDA:139,33,1,0
BRDA:140,34,0,0
BRDA:140,34,1,0
BRDA:143,35,0,0
BRDA:143,35,1,0
BRDA:144,36,0,0
BRDA:144,36,1,0
BRDA:145,37,0,0
BRDA:145,37,1,0
BRDA:152,38,0,0
BRDA:152,38,1,0
BRDA:153,39,0,0
BRDA:153,39,1,0
BRF:82
BRH:0
end_of_record
TN:
SF:config-endpoints.js
FN:8,getEndpointConfig
FN:20,getAvailableEndpoints
FN:29,endpointExists
FN:37,getAllEndpoints
FNF:4
FNH:0
FNDA:0,getEndpointConfig
FNDA:0,getAvailableEndpoints
FNDA:0,endpointExists
FNDA:0,getAllEndpoints
DA:1,0
DA:9,0
DA:10,0
DA:11,0
DA:13,0
DA:21,0
DA:30,0
DA:38,0
DA:41,0
LF:9
LH:0
BRDA:8,0,0,0
BRDA:10,1,0,0
BRDA:10,1,1,0
BRF:3
BRH:0
end_of_record
TN:
SF:config-store.js
FN:7,loadOverrides
FN:18,saveOverrides
FN:26,normalizeArray
FN:28,(anonymous_3)
FN:29,(anonymous_4)
FN:33,toBool
FN:45,parseObject
FN:59,buildConfig
FN:138,getConfig
FN:184,setConfig
FN:287,getMultiConfigs
FN:292,saveMultiConfigs
FN:298,createConfig
FN:310,getConfigByTag
FN:315,updateConfigByTag
FN:323,deleteConfigByTag
FN:331,listConfigs
FN:333,(anonymous_17)
FN:341,getActiveConfigTag
FN:346,setActiveConfigTag
FNF:20
FNH:0
FNDA:0,loadOverrides
FNDA:0,saveOverrides
FNDA:0,normalizeArray
FNDA:0,(anonymous_3)
FNDA:0,(anonymous_4)
FNDA:0,toBool
FNDA:0,parseObject
FNDA:0,buildConfig
FNDA:0,getConfig
FNDA:0,setConfig
FNDA:0,getMultiConfigs
FNDA:0,saveMultiConfigs
FNDA:0,createConfig
FNDA:0,getConfigByTag
FNDA:0,updateConfigByTag
FNDA:0,deleteConfigByTag
FNDA:0,listConfigs
FNDA:0,(anonymous_17)
FNDA:0,getActiveConfigTag
FNDA:0,setActiveConfigTag
DA:1,0
DA:2,0
DA:3,0
DA:5,0
DA:8,0
DA:9,0
DA:10,0
DA:13,0
DA:15,0
DA:19,0
DA:20,0
DA:22,0
DA:27,0
DA:28,0
DA:29,0
DA:30,0
DA:34,0
DA:35,0
DA:36,0
DA:37,0
DA:38,0
DA:39,0
DA:41,0
DA:42,0
DA:46,0
DA:47,0
DA:48,0
DA:49,0
DA:50,0
DA:51,0
DA:56,0
DA:60,0
DA:62,0
DA:63,0
DA:64,0
DA:67,0
DA:68,0
DA:69,0
DA:72,0
DA:73,0
DA:74,0
DA:75,0
DA:79,0
DA:80,0
DA:81,0
DA:82,0
DA:86,0
DA:87,0
DA:88,0
DA:90,0
DA:93,0
DA:94,0
DA:96,0
DA:97,0
DA:99,0
DA:100,0
DA:102,0
DA:103,0
DA:105,0
DA:106,0
DA:108,0
DA:109,0
DA:111,0
DA:112,0
DA:114,0
DA:115,0
DA:119,0
DA:120,0
DA:122,0
DA:123,0
DA:125,0
DA:126,0
DA:128,0
DA:129,0
DA:131,0
DA:132,0
DA:135,0
DA:139,0
DA:140,0
DA:143,0
DA:144,0
DA:147,0
DA:150,0
DA:153,0
DA:154,0
DA:155,0
DA:156,0
DA:157,0
DA:158,0
DA:159,0
DA:160,0
DA:161,0
DA:164,0
DA:165,0
DA:166,0
DA:167,0
DA:168,0
DA:171,0
DA:172,0
DA:173,0
DA:174,0
DA:175,0
DA:176,0
DA:178,0
DA:181,0
DA:185,0
DA:186,0
DA:188,0
DA:189,0
DA:191,0
DA:192,0
DA:194,0
DA:195,0
DA:197,0
DA:198,0
DA:201,0
DA:202,0
DA:204,0
DA:205,0
DA:207,0
DA:208,0
DA:211,0
DA:212,0
DA:213,0
DA:216,0
DA:217,0
DA:218,0
DA:221,0
DA:222,0
DA:223,0
DA:224,0
DA:228,0
DA:229,0
DA:230,0
DA:231,0
DA:232,0
DA:233,0
DA:238,0
DA:239,0
DA:241,0
DA:242,0
DA:244,0
DA:245,0
DA:247,0
DA:248,0
DA:250,0
DA:251,0
DA:253,0
DA:254,0
DA:256,0
DA:257,0
DA:259,0
DA:260,0
DA:264,0
DA:265,0
DA:267,0
DA:268,0
DA:270,0
DA:271,0
DA:273,0
DA:274,0
DA:276,0
DA:277,0
DA:280,0
DA:281,0
DA:288,0
DA:289,0
DA:293,0
DA:294,0
DA:295,0
DA:299,0
DA:300,0
DA:301,0
DA:306,0
DA:307,0
DA:311,0
DA:312,0
DA:316,0
DA:317,0
DA:318,0
DA:319,0
DA:320,0
DA:324,0
DA:325,0
DA:326,0
DA:327,0
DA:328,0
DA:332,0
DA:333,0
DA:342,0
DA:343,0
DA:347,0
DA:348,0
DA:349,0
DA:351,0
DA:352,0
DA:353,0
DA:354,0
DA:357,0
LF:199
LH:0
BRDA:9,0,0,0
BRDA:9,0,1,0
BRDA:27,1,0,0
BRDA:27,1,1,0
BRDA:28,2,0,0
BRDA:28,2,1,0
BRDA:29,3,0,0
BRDA:29,3,1,0
BRDA:34,4,0,0
BRDA:34,4,1,0
BRDA:34,5,0,0
BRDA:34,5,1,0
BRDA:35,6,0,0
BRDA:35,6,1,0
BRDA:36,7,0,0
BRDA:36,7,1,0
BRDA:38,8,0,0
BRDA:38,8,1,0
BRDA:38,9,0,0
BRDA:38,9,1,0
BRDA:38,9,2,0
BRDA:39,10,0,0
BRDA:39,10,1,0
BRDA:39,11,0,0
BRDA:39,11,1,0
BRDA:39,11,2,0
BRDA:41,12,0,0
BRDA:41,12,1,0
BRDA:45,13,0,0
BRDA:47,14,0,0
BRDA:47,14,1,0
BRDA:47,15,0,0
BRDA:47,15,1,0
BRDA:48,16,0,0
BRDA:48,16,1,0
BRDA:48,17,0,0
BRDA:48,17,1,0
BRDA:49,18,0,0
BRDA:49,18,1,0
BRDA:49,19,0,0
BRDA:49,19,1,0
BRDA:51,20,0,0
BRDA:51,20,1,0
BRDA:51,21,0,0
BRDA:51,21,1,0
BRDA:63,22,0,0
BRDA:63,22,1,0
BRDA:68,23,0,0
BRDA:68,23,1,0
BRDA:72,24,0,0
BRDA:72,24,1,0
BRDA:74,25,0,0
BRDA:74,25,1,0
BRDA:79,26,0,0
BRDA:79,26,1,0
BRDA:81,27,0,0
BRDA:81,27,1,0
BRDA:90,28,0,0
BRDA:90,28,1,0
BRDA:93,29,0,0
BRDA:93,29,1,0
BRDA:94,30,0,0
BRDA:94,30,1,0
BRDA:96,31,0,0
BRDA:96,31,1,0
BRDA:99,32,0,0
BRDA:99,32,1,0
BRDA:102,33,0,0
BRDA:102,33,1,0
BRDA:105,34,0,0
BRDA:105,34,1,0
BRDA:108,35,0,0
BRDA:108,35,1,0
BRDA:111,36,0,0
BRDA:111,36,1,0
BRDA:114,37,0,0
BRDA:114,37,1,0
BRDA:119,38,0,0
BRDA:119,38,1,0
BRDA:122,39,0,0
BRDA:122,39,1,0
BRDA:125,40,0,0
BRDA:125,40,1,0
BRDA:128,41,0,0
BRDA:128,41,1,0
BRDA:131,42,0,0
BRDA:131,42,1,0
BRDA:143,43,0,0
BRDA:143,43,1,0
BRDA:143,44,0,0
BRDA:143,44,1,0
BRDA:143,44,2,0
BRDA:153,45,0,0
BRDA:153,45,1,0
BRDA:154,46,0,0
BRDA:154,46,1,0
BRDA:155,47,0,0
BRDA:155,47,1,0
BRDA:156,48,0,0
BRDA:156,48,1,0
BRDA:157,49,0,0
BRDA:157,49,1,0
BRDA:158,50,0,0
BRDA:158,50,1,0
BRDA:159,51,0,0
BRDA:159,51,1,0
BRDA:160,52,0,0
BRDA:160,52,1,0
BRDA:161,53,0,0
BRDA:161,53,1,0
BRDA:164,54,0,0
BRDA:164,54,1,0
BRDA:165,55,0,0
BRDA:165,55,1,0
BRDA:166,56,0,0
BRDA:166,56,1,0
BRDA:167,57,0,0
BRDA:167,57,1,0
BRDA:168,58,0,0
BRDA:168,58,1,0
BRDA:171,59,0,0
BRDA:171,59,1,0
BRDA:172,60,0,0
BRDA:172,60,1,0
BRDA:173,61,0,0
BRDA:173,61,1,0
BRDA:174,62,0,0
BRDA:174,62,1,0
BRDA:175,63,0,0
BRDA:175,63,1,0
BRDA:176,64,0,0
BRDA:176,64,1,0
BRDA:184,65,0,0
BRDA:188,66,0,0
BRDA:188,66,1,0
BRDA:191,67,0,0
BRDA:191,67,1,0
BRDA:194,68,0,0
BRDA:194,68,1,0
BRDA:197,69,0,0
BRDA:197,69,1,0
BRDA:201,70,0,0
BRDA:201,70,1,0
BRDA:204,71,0,0
BRDA:204,71,1,0
BRDA:207,72,0,0
BRDA:207,72,1,0
BRDA:211,73,0,0
BRDA:211,73,1,0
BRDA:212,74,0,0
BRDA:212,74,1,0
BRDA:216,75,0,0
BRDA:216,75,1,0
BRDA:217,76,0,0
BRDA:217,76,1,0
BRDA:221,77,0,0
BRDA:221,77,1,0
BRDA:223,78,0,0
BRDA:223,78,1,0
BRDA:228,79,0,0
BRDA:228,79,1,0
BRDA:229,80,0,0
BRDA:229,80,1,0
BRDA:231,81,0,0
BRDA:231,81,1,0
BRDA:238,82,0,0
BRDA:238,82,1,0
BRDA:241,83,0,0
BRDA:241,83,1,0
BRDA:242,84,0,0
BRDA:242,84,1,0
BRDA:244,85,0,0
BRDA:244,85,1,0
BRDA:247,86,0,0
BRDA:247,86,1,0
BRDA:250,87,0,0
BRDA:250,87,1,0
BRDA:253,88,0,0
BRDA:253,88,1,0
BRDA:256,89,0,0
BRDA:256,89,1,0
BRDA:257,90,0,0
BRDA:257,90,1,0
BRDA:259,91,0,0
BRDA:259,91,1,0
BRDA:260,92,0,0
BRDA:260,92,1,0
BRDA:264,93,0,0
BRDA:264,93,1,0
BRDA:267,94,0,0
BRDA:267,94,1,0
BRDA:270,95,0,0
BRDA:270,95,1,0
BRDA:273,96,0,0
BRDA:273,96,1,0
BRDA:276,97,0,0
BRDA:276,97,1,0
BRDA:289,98,0,0
BRDA:289,98,1,0
BRDA:298,99,0,0
BRDA:300,100,0,0
BRDA:300,100,1,0
BRDA:312,101,0,0
BRDA:312,101,1,0
BRDA:315,102,0,0
BRDA:317,103,0,0
BRDA:317,103,1,0
BRDA:325,104,0,0
BRDA:325,104,1,0
BRDA:343,105,0,0
BRDA:343,105,1,0
BRDA:347,106,0,0
BRDA:347,106,1,0
BRDA:349,107,0,0
BRDA:349,107,1,0
BRF:215
BRH:0
end_of_record
TN:
SF:config.js
FNF:0
FNH:0
DA:7,0
DA:9,0
DA:43,0
DA:46,0
DA:47,0
DA:51,0
DA:52,0
DA:53,0
DA:54,0
DA:55,0
DA:56,0
DA:57,0
DA:58,0
DA:59,0
DA:60,0
DA:61,0
DA:62,0
DA:63,0
DA:64,0
DA:65,0
DA:66,0
DA:67,0
DA:68,0
DA:69,0
DA:70,0
DA:71,0
DA:72,0
DA:73,0
DA:75,0
LF:29
LH:0
BRDA:46,0,0,0
BRDA:46,0,1,0
BRDA:47,1,0,0
BRDA:47,1,1,0
BRF:4
BRH:0
end_of_record
TN:
SF:console-logger.js
FN:40,getTimestamp
FN:56,formatMessage
FN:65,debug
FN:74,info
FN:83,success
FN:90,warn
FN:97,error
FN:107,startup
FN:116,section
FN:125,getEnvironment
FNF:10
FNH:0
FNDA:0,getTimestamp
FNDA:0,formatMessage
FNDA:0,debug
FNDA:0,info
FNDA:0,success
FNDA:0,warn
FNDA:0,error
FNDA:0,startup
FNDA:0,section
FNDA:0,getEnvironment
DA:11,0
DA:16,0
DA:27,0
DA:41,0
DA:57,0
DA:58,0
DA:59,0
DA:66,0
DA:67,0
DA:75,0
DA:76,0
DA:84,0
DA:91,0
DA:98,0
DA:99,0
DA:100,0
DA:108,0
DA:109,0
DA:110,0
DA:117,0
DA:118,0
DA:126,0
DA:133,0
LF:23
LH:0
BRDA:56,0,0,0
BRDA:58,1,0,0
BRDA:58,1,1,0
BRDA:65,2,0,0
BRDA:66,3,0,0
BRDA:66,3,1,0
BRDA:74,4,0,0
BRDA:74,5,0,0
BRDA:75,6,0,0
BRDA:75,6,1,0
BRDA:75,7,0,0
BRDA:75,7,1,0
BRDA:83,8,0,0
BRDA:90,9,0,0
BRDA:97,10,0,0
BRDA:97,11,0,0
BRDA:99,12,0,0
BRDA:99,12,1,0
BRDA:99,13,0,0
BRDA:99,13,1,0
BRDA:117,14,0,0
BRDA:117,14,1,0
BRDA:127,15,0,0
BRDA:127,15,1,0
BRF:24
BRH:0
end_of_record
TN:
SF:control-server.js
FN:23,(anonymous_0)
FN:32,loadUsers
FN:42,verifyCredentials
FN:44,(anonymous_3)
FN:47,loadState
FN:78,saveState
FN:87,requireLogin
FN:95,(anonymous_7)
FN:257,(anonymous_8)
FN:275,(anonymous_9)
FN:284,(anonymous_10)
FN:293,(anonymous_11)
FN:297,(anonymous_12)
FN:308,(anonymous_13)
FN:369,(anonymous_14)
FN:373,(anonymous_15)
FN:437,(anonymous_16)
FN:502,(anonymous_17)
FN:505,(anonymous_18)
FN:592,(anonymous_19)
FN:640,(anonymous_20)
FN:677,(anonymous_21)
FN:715,(anonymous_22)
FN:722,(anonymous_23)
FN:731,(anonymous_24)
FN:1037,(anonymous_25)
FN:1043,(anonymous_26)
FN:1052,(anonymous_27)
FN:1067,(anonymous_28)
FN:1125,(anonymous_29)
FN:1174,(anonymous_30)
FN:1176,(anonymous_31)
FN:1183,(anonymous_32)
FN:1221,(anonymous_33)
FN:1227,(anonymous_34)
FN:1251,(anonymous_35)
FN:1257,(anonymous_36)
FN:1277,(anonymous_37)
FN:1301,(anonymous_38)
FN:1321,(anonymous_39)
FN:1337,(anonymous_40)
FN:1351,(anonymous_41)
FN:1352,(anonymous_42)
FN:1355,(anonymous_43)
FN:1374,(anonymous_44)
FN:1402,(anonymous_45)
FN:1424,(anonymous_46)
FN:1444,(anonymous_47)
FN:1510,(anonymous_48)
FN:1516,(anonymous_49)
FN:1877,(anonymous_50)
FN:1895,(anonymous_51)
FN:1905,(anonymous_52)
FN:1915,(anonymous_53)
FN:1936,(anonymous_54)
FN:1946,(anonymous_55)
FN:1961,(anonymous_56)
FN:1969,(anonymous_57)
FN:1971,(anonymous_58)
FN:1971,(anonymous_59)
FN:1972,(anonymous_60)
FN:1972,(anonymous_61)
FN:1988,(anonymous_62)
FN:1998,(anonymous_63)
FN:2014,(anonymous_64)
FN:2024,(anonymous_65)
FN:2028,(anonymous_66)
FN:2031,(anonymous_67)
FN:2043,(anonymous_68)
FN:2061,(anonymous_69)
FN:2080,(anonymous_70)
FN:2647,(anonymous_71)
FNF:72
FNH:0
FNDA:0,(anonymous_0)
FNDA:0,loadUsers
FNDA:0,verifyCredentials
FNDA:0,(anonymous_3)
FNDA:0,loadState
FNDA:0,saveState
FNDA:0,requireLogin
FNDA:0,(anonymous_7)
FNDA:0,(anonymous_8)
FNDA:0,(anonymous_9)
FNDA:0,(anonymous_10)
FNDA:0,(anonymous_11)
FNDA:0,(anonymous_12)
FNDA:0,(anonymous_13)
FNDA:0,(anonymous_14)
FNDA:0,(anonymous_15)
FNDA:0,(anonymous_16)
FNDA:0,(anonymous_17)
FNDA:0,(anonymous_18)
FNDA:0,(anonymous_19)
FNDA:0,(anonymous_20)
FNDA:0,(anonymous_21)
FNDA:0,(anonymous_22)
FNDA:0,(anonymous_23)
FNDA:0,(anonymous_24)
FNDA:0,(anonymous_25)
FNDA:0,(anonymous_26)
FNDA:0,(anonymous_27)
FNDA:0,(anonymous_28)
FNDA:0,(anonymous_29)
FNDA:0,(anonymous_30)
FNDA:0,(anonymous_31)
FNDA:0,(anonymous_32)
FNDA:0,(anonymous_33)
FNDA:0,(anonymous_34)
FNDA:0,(anonymous_35)
FNDA:0,(anonymous_36)
FNDA:0,(anonymous_37)
FNDA:0,(anonymous_38)
FNDA:0,(anonymous_39)
FNDA:0,(anonymous_40)
FNDA:0,(anonymous_41)
FNDA:0,(anonymous_42)
FNDA:0,(anonymous_43)
FNDA:0,(anonymous_44)
FNDA:0,(anonymous_45)
FNDA:0,(anonymous_46)
FNDA:0,(anonymous_47)
FNDA:0,(anonymous_48)
FNDA:0,(anonymous_49)
FNDA:0,(anonymous_50)
FNDA:0,(anonymous_51)
FNDA:0,(anonymous_52)
FNDA:0,(anonymous_53)
FNDA:0,(anonymous_54)
FNDA:0,(anonymous_55)
FNDA:0,(anonymous_56)
FNDA:0,(anonymous_57)
FNDA:0,(anonymous_58)
FNDA:0,(anonymous_59)
FNDA:0,(anonymous_60)
FNDA:0,(anonymous_61)
FNDA:0,(anonymous_62)
FNDA:0,(anonymous_63)
FNDA:0,(anonymous_64)
FNDA:0,(anonymous_65)
FNDA:0,(anonymous_66)
FNDA:0,(anonymous_67)
FNDA:0,(anonymous_68)
FNDA:0,(anonymous_69)
FNDA:0,(anonymous_70)
FNDA:0,(anonymous_71)
DA:1,0
DA:2,0
DA:3,0
DA:4,0
DA:5,0
DA:6,0
DA:7,0
DA:8,0
DA:9,0
DA:10,0
DA:12,0
DA:13,0
DA:14,0
DA:17,0
DA:19,0
DA:20,0
DA:23,0
DA:24,0
DA:25,0
DA:26,0
DA:28,0
DA:33,0
DA:34,0
DA:36,0
DA:37,0
DA:43,0
DA:44,0
DA:48,0
DA:49,0
DA:50,0
DA:52,0
DA:53,0
DA:54,0
DA:63,0
DA:66,0
DA:68,0
DA:79,0
DA:80,0
DA:82,0
DA:88,0
DA:89,0
DA:91,0
DA:95,0
DA:96,0
DA:257,0
DA:258,0
DA:260,0
DA:261,0
DA:262,0
DA:266,0
DA:267,0
DA:270,0
DA:271,0
DA:275,0
DA:276,0
DA:277,0
DA:279,0
DA:284,0
DA:285,0
DA:286,0
DA:287,0
DA:289,0
DA:290,0
DA:293,0
DA:294,0
DA:297,0
DA:298,0
DA:299,0
DA:300,0
DA:301,0
DA:303,0
DA:304,0
DA:308,0
DA:309,0
DA:334,0
DA:336,0
DA:362,0
DA:364,0
DA:365,0
DA:369,0
DA:370,0
DA:373,0
DA:374,0
DA:375,0
DA:376,0
DA:383,0
DA:385,0
DA:437,0
DA:438,0
DA:439,0
DA:442,0
DA:443,0
DA:444,0
DA:445,0
DA:446,0
DA:448,0
DA:451,0
DA:452,0
DA:455,0
DA:456,0
DA:463,0
DA:466,0
DA:467,0
DA:469,0
DA:472,0
DA:473,0
DA:475,0
DA:476,0
DA:485,0
DA:486,0
DA:487,0
DA:490,0
DA:491,0
DA:495,0
DA:496,0
DA:498,0
DA:499,0
DA:500,0
DA:501,0
DA:502,0
DA:505,0
DA:506,0
DA:507,0
DA:511,0
DA:514,0
DA:517,0
DA:518,0
DA:521,0
DA:522,0
DA:523,0
DA:524,0
DA:527,0
DA:592,0
DA:593,0
DA:594,0
DA:595,0
DA:602,0
DA:604,0
DA:605,0
DA:606,0
DA:607,0
DA:608,0
DA:640,0
DA:641,0
DA:642,0
DA:643,0
DA:644,0
DA:645,0
DA:646,0
DA:677,0
DA:678,0
DA:679,0
DA:680,0
DA:681,0
DA:682,0
DA:683,0
DA:715,0
DA:716,0
DA:717,0
DA:718,0
DA:719,0
DA:722,0
DA:723,0
DA:724,0
DA:725,0
DA:727,0
DA:731,0
DA:732,0
DA:1037,0
DA:1038,0
DA:1039,0
DA:1043,0
DA:1044,0
DA:1045,0
DA:1046,0
DA:1048,0
DA:1052,0
DA:1053,0
DA:1054,0
DA:1055,0
DA:1056,0
DA:1057,0
DA:1059,0
DA:1060,0
DA:1062,0
DA:1067,0
DA:1068,0
DA:1079,0
DA:1081,0
DA:1082,0
DA:1085,0
DA:1087,0
DA:1095,0
DA:1096,0
DA:1100,0
DA:1101,0
DA:1102,0
DA:1103,0
DA:1104,0
DA:1107,0
DA:1109,0
DA:1116,0
DA:1125,0
DA:1126,0
DA:1142,0
DA:1144,0
DA:1145,0
DA:1148,0
DA:1150,0
DA:1158,0
DA:1159,0
DA:1163,0
DA:1164,0
DA:1165,0
DA:1166,0
DA:1167,0
DA:1170,0
DA:1171,0
DA:1174,0
DA:1175,0
DA:1176,0
DA:1179,0
DA:1180,0
DA:1182,0
DA:1183,0
DA:1184,0
DA:1188,0
DA:1189,0
DA:1191,0
DA:1192,0
DA:1194,0
DA:1198,0
DA:1211,0
DA:1221,0
DA:1222,0
DA:1223,0
DA:1224,0
DA:1227,0
DA:1228,0
DA:1229,0
DA:1231,0
DA:1233,0
DA:1236,0
DA:1239,0
DA:1240,0
DA:1242,0
DA:1245,0
DA:1247,0
DA:1251,0
DA:1252,0
DA:1253,0
DA:1254,0
DA:1257,0
DA:1258,0
DA:1259,0
DA:1262,0
DA:1265,0
DA:1266,0
DA:1268,0
DA:1271,0
DA:1273,0
DA:1277,0
DA:1278,0
DA:1279,0
DA:1282,0
DA:1283,0
DA:1289,0
DA:1290,0
DA:1292,0
DA:1295,0
DA:1297,0
DA:1301,0
DA:1302,0
DA:1303,0
DA:1306,0
DA:1307,0
DA:1309,0
DA:1312,0
DA:1314,0
DA:1321,0
DA:1322,0
DA:1323,0
DA:1324,0
DA:1330,0
DA:1337,0
DA:1338,0
DA:1339,0
DA:1341,0
DA:1342,0
DA:1345,0
DA:1348,0
DA:1349,0
DA:1351,0
DA:1352,0
DA:1354,0
DA:1355,0
DA:1357,0
DA:1361,0
DA:1367,0
DA:1374,0
DA:1375,0
DA:1376,0
DA:1377,0
DA:1378,0
DA:1381,0
DA:1382,0
DA:1384,0
DA:1387,0
DA:1395,0
DA:1402,0
DA:1403,0
DA:1404,0
DA:1405,0
DA:1408,0
DA:1410,0
DA:1417,0
DA:1424,0
DA:1425,0
DA:1426,0
DA:1427,0
DA:1430,0
DA:1432,0
DA:1439,0
DA:1444,0
DA:1445,0
DA:1510,0
DA:1516,0
DA:1877,0
DA:1878,0
DA:1879,0
DA:1880,0
DA:1881,0
DA:1882,0
DA:1890,0
DA:1895,0
DA:1896,0
DA:1897,0
DA:1898,0
DA:1900,0
DA:1905,0
DA:1906,0
DA:1907,0
DA:1908,0
DA:1910,0
DA:1915,0
DA:1916,0
DA:1917,0
DA:1920,0
DA:1921,0
DA:1922,0
DA:1924,0
DA:1926,0
DA:1929,0
DA:1931,0
DA:1936,0
DA:1937,0
DA:1938,0
DA:1939,0
DA:1941,0
DA:1946,0
DA:1947,0
DA:1948,0
DA:1949,0
DA:1950,0
DA:1952,0
DA:1961,0
DA:1962,0
DA:1963,0
DA:1964,0
DA:1967,0
DA:1969,0
DA:1971,0
DA:1972,0
DA:1976,0
DA:1983,0
DA:1988,0
DA:1989,0
DA:1990,0
DA:1991,0
DA:1993,0
DA:1998,0
DA:1999,0
DA:2000,0
DA:2001,0
DA:2009,0
DA:2014,0
DA:2015,0
DA:2016,0
DA:2017,0
DA:2019,0
DA:2024,0
DA:2025,0
DA:2026,0
DA:2027,0
DA:2028,0
DA:2031,0
DA:2033,0
DA:2034,0
DA:2042,0
DA:2043,0
DA:2044,0
DA:2045,0
DA:2046,0
DA:2050,0
DA:2056,0
DA:2061,0
DA:2062,0
DA:2063,0
DA:2064,0
DA:2065,0
DA:2067,0
DA:2069,0
DA:2070,0
DA:2080,0
DA:2081,0
DA:2082,0
DA:2083,0
DA:2106,0
DA:2643,0
DA:2647,0
DA:2648,0
DA:2649,0
DA:2650,0
DA:2651,0
DA:2652,0
DA:2653,0
DA:2654,0
DA:2655,0
LF:428
LH:0
BRDA:25,0,0,0
BRDA:25,0,1,0
BRDA:25,1,0,0
BRDA:25,1,1,0
BRDA:44,2,0,0
BRDA:44,2,1,0
BRDA:49,3,0,0
BRDA:49,3,1,0
BRDA:52,4,0,0
BRDA:52,4,1,0
BRDA:52,5,0,0
BRDA:52,5,1,0
BRDA:88,6,0,0
BRDA:88,6,1,0
BRDA:261,7,0,0
BRDA:261,7,1,0
BRDA:276,8,0,0
BRDA:276,8,1,0
BRDA:286,9,0,0
BRDA:286,9,1,0
BRDA:301,10,0,0
BRDA:301,10,1,0
BRDA:334,11,0,0
BRDA:334,11,1,0
BRDA:375,12,0,0
BRDA:375,12,1,0
BRDA:438,13,0,0
BRDA:438,13,1,0
BRDA:443,14,0,0
BRDA:443,14,1,0
BRDA:455,15,0,0
BRDA:455,15,1,0
BRDA:466,16,0,0
BRDA:466,16,1,0
BRDA:469,17,0,0
BRDA:469,17,1,0
BRDA:472,18,0,0
BRDA:472,18,1,0
BRDA:475,19,0,0
BRDA:475,19,1,0
BRDA:490,20,0,0
BRDA:490,20,1,0
BRDA:500,21,0,0
BRDA:500,21,1,0
BRDA:506,22,0,0
BRDA:506,22,1,0
BRDA:574,23,0,0
BRDA:574,23,1,0
BRDA:578,24,0,0
BRDA:578,24,1,0
BRDA:583,25,0,0
BRDA:583,25,1,0
BRDA:594,26,0,0
BRDA:594,26,1,0
BRDA:716,27,0,0
BRDA:716,27,1,0
BRDA:717,28,0,0
BRDA:717,28,1,0
BRDA:724,29,0,0
BRDA:724,29,1,0
BRDA:1046,30,0,0
BRDA:1046,30,1,0
BRDA:1055,31,0,0
BRDA:1055,31,1,0
BRDA:1056,32,0,0
BRDA:1056,32,1,0
BRDA:1071,33,0,0
BRDA:1072,34,0,0
BRDA:1073,35,0,0
BRDA:1074,36,0,0
BRDA:1075,37,0,0
BRDA:1076,38,0,0
BRDA:1077,39,0,0
BRDA:1078,40,0,0
BRDA:1079,41,0,0
BRDA:1079,41,1,0
BRDA:1081,42,0,0
BRDA:1081,42,1,0
BRDA:1095,43,0,0
BRDA:1095,43,1,0
BRDA:1100,44,0,0
BRDA:1100,44,1,0
BRDA:1100,45,0,0
BRDA:1100,45,1,0
BRDA:1100,45,2,0
BRDA:1102,46,0,0
BRDA:1102,46,1,0
BRDA:1102,47,0,0
BRDA:1102,47,1,0
BRDA:1102,47,2,0
BRDA:1103,48,0,0
BRDA:1103,48,1,0
BRDA:1118,49,0,0
BRDA:1118,49,1,0
BRDA:1119,50,0,0
BRDA:1119,50,1,0
BRDA:1120,51,0,0
BRDA:1120,51,1,0
BRDA:1129,52,0,0
BRDA:1130,53,0,0
BRDA:1131,54,0,0
BRDA:1132,55,0,0
BRDA:1133,56,0,0
BRDA:1134,57,0,0
BRDA:1135,58,0,0
BRDA:1136,59,0,0
BRDA:1137,60,0,0
BRDA:1138,61,0,0
BRDA:1139,62,0,0
BRDA:1140,63,0,0
BRDA:1141,64,0,0
BRDA:1142,65,0,0
BRDA:1142,65,1,0
BRDA:1144,66,0,0
BRDA:1144,66,1,0
BRDA:1158,67,0,0
BRDA:1158,67,1,0
BRDA:1163,68,0,0
BRDA:1163,68,1,0
BRDA:1163,69,0,0
BRDA:1163,69,1,0
BRDA:1163,69,2,0
BRDA:1165,70,0,0
BRDA:1165,70,1,0
BRDA:1165,71,0,0
BRDA:1165,71,1,0
BRDA:1165,71,2,0
BRDA:1166,72,0,0
BRDA:1166,72,1,0
BRDA:1175,73,0,0
BRDA:1175,73,1,0
BRDA:1180,74,0,0
BRDA:1180,74,1,0
BRDA:1182,75,0,0
BRDA:1182,75,1,0
BRDA:1188,76,0,0
BRDA:1188,76,1,0
BRDA:1191,77,0,0
BRDA:1191,77,1,0
BRDA:1213,78,0,0
BRDA:1213,78,1,0
BRDA:1214,79,0,0
BRDA:1214,79,1,0
BRDA:1215,80,0,0
BRDA:1215,80,1,0
BRDA:1228,81,0,0
BRDA:1228,81,1,0
BRDA:1229,82,0,0
BRDA:1229,82,1,0
BRDA:1233,83,0,0
BRDA:1233,83,1,0
BRDA:1236,84,0,0
BRDA:1236,84,1,0
BRDA:1253,85,0,0
BRDA:1253,85,1,0
BRDA:1259,86,0,0
BRDA:1259,86,1,0
BRDA:1262,87,0,0
BRDA:1262,87,1,0
BRDA:1341,88,0,0
BRDA:1341,88,1,0
BRDA:1352,89,0,0
BRDA:1352,89,1,0
BRDA:1352,90,0,0
BRDA:1352,90,1,0
BRDA:1355,91,0,0
BRDA:1355,91,1,0
BRDA:1355,92,0,0
BRDA:1355,92,1,0
BRDA:1381,93,0,0
BRDA:1381,93,1,0
BRDA:1392,94,0,0
BRDA:1392,94,1,0
BRDA:1516,95,0,0
BRDA:1516,95,1,0
BRDA:1907,96,0,0
BRDA:1907,96,1,0
BRDA:1920,97,0,0
BRDA:1920,97,1,0
BRDA:2004,98,0,0
BRDA:2004,98,1,0
BRDA:2033,99,0,0
BRDA:2033,99,1,0
BRDA:2045,100,0,0
BRDA:2045,100,1,0
BRDA:2069,101,0,0
BRDA:2069,101,1,0
BRDA:2084,102,0,0
BRDA:2084,102,1,0
BRDA:2087,103,0,0
BRDA:2087,103,1,0
BRDA:2090,104,0,0
BRDA:2090,104,1,0
BRDA:2093,105,0,0
BRDA:2093,105,1,0
BRDA:2094,106,0,0
BRDA:2094,106,1,0
BRDA:2094,107,0,0
BRDA:2094,107,1,0
BRDA:2095,108,0,0
BRDA:2095,108,1,0
BRDA:2095,109,0,0
BRDA:2095,109,1,0
BRF:203
BRH:0
end_of_record
TN:
SF:email.js
FN:13,sendEmail
FNF:1
FNH:0
FNDA:0,sendEmail
DA:1,0
DA:2,0
DA:3,0
DA:14,0
DA:15,0
DA:18,0
DA:20,0
DA:21,0
DA:22,0
DA:25,0
DA:31,0
DA:32,0
DA:36,0
DA:37,0
DA:38,0
DA:39,0
DA:42,0
DA:43,0
DA:45,0
DA:46,0
DA:48,0
DA:50,0
DA:51,0
DA:52,0
DA:54,0
DA:58,0
LF:26
LH:0
BRDA:18,0,0,0
BRDA:18,0,1,0
BRDA:20,1,0,0
BRDA:20,1,1,0
BRDA:31,2,0,0
BRDA:31,2,1,0
BRDA:38,3,0,0
BRDA:38,3,1,0
BRDA:51,4,0,0
BRDA:51,4,1,0
BRF:10
BRH:0
end_of_record
TN:
SF:endpoints-store.js
FN:11,loadState
FN:39,saveState
FN:50,getEndpointConfig
FN:74,getAllEndpoints
FN:100,getActiveTags
FN:108,getActiveTag
FN:116,setActiveTags
FN:141,setActiveTag
FN:148,addActiveTag
FN:173,removeActiveTag
FN:176,(anonymous_10)
FN:187,toggleActiveTag
FN:200,getActiveEndpoint
FN:208,updateEndpoint
FN:246,resetEndpoint
FN:268,endpointExists
FN:278,getAvailableTags
FNF:17
FNH:0
FNDA:0,loadState
FNDA:0,saveState
FNDA:0,getEndpointConfig
FNDA:0,getAllEndpoints
FNDA:0,getActiveTags
FNDA:0,getActiveTag
FNDA:0,setActiveTags
FNDA:0,setActiveTag
FNDA:0,addActiveTag
FNDA:0,removeActiveTag
FNDA:0,(anonymous_10)
FNDA:0,toggleActiveTag
FNDA:0,getActiveEndpoint
FNDA:0,updateEndpoint
FNDA:0,resetEndpoint
FNDA:0,endpointExists
FNDA:0,getAvailableTags
DA:1,0
DA:2,0
DA:3,0
DA:4,0
DA:6,0
DA:12,0
DA:13,0
DA:14,0
DA:16,0
DA:17,0
DA:18,0
DA:24,0
DA:27,0
DA:29,0
DA:40,0
DA:41,0
DA:43,0
DA:51,0
DA:52,0
DA:55,0
DA:58,0
DA:59,0
DA:63,0
DA:64,0
DA:65,0
DA:68,0
DA:75,0
DA:76,0
DA:79,0
DA:80,0
DA:81,0
DA:82,0
DA:86,0
DA:87,0
DA:88,0
DA:89,0
DA:94,0
DA:101,0
DA:102,0
DA:109,0
DA:110,0
DA:117,0
DA:120,0
DA:123,0
DA:124,0
DA:125,0
DA:127,0
DA:128,0
DA:132,0
DA:133,0
DA:135,0
DA:142,0
DA:149,0
DA:150,0
DA:153,0
DA:154,0
DA:156,0
DA:157,0
DA:161,0
DA:162,0
DA:163,0
DA:164,0
DA:167,0
DA:174,0
DA:175,0
DA:176,0
DA:178,0
DA:179,0
DA:181,0
DA:188,0
DA:190,0
DA:191,0
DA:193,0
DA:201,0
DA:202,0
DA:209,0
DA:210,0
DA:211,0
DA:215,0
DA:218,0
DA:219,0
DA:220,0
DA:223,0
DA:224,0
DA:225,0
DA:228,0
DA:238,0
DA:240,0
DA:247,0
DA:249,0
DA:251,0
DA:252,0
DA:253,0
DA:254,0
DA:258,0
DA:259,0
DA:262,0
DA:269,0
DA:270,0
DA:271,0
DA:272,0
DA:279,0
DA:280,0
DA:281,0
DA:284,0
DA:287,0
LF:106
LH:0
BRDA:13,0,0,0
BRDA:13,0,1,0
BRDA:16,1,0,0
BRDA:16,1,1,0
BRDA:16,2,0,0
BRDA:16,2,1,0
BRDA:50,3,0,0
BRDA:51,4,0,0
BRDA:51,4,1,0
BRDA:58,5,0,0
BRDA:58,5,1,0
BRDA:58,6,0,0
BRDA:58,6,1,0
BRDA:64,7,0,0
BRDA:64,7,1,0
BRDA:81,8,0,0
BRDA:81,8,1,0
BRDA:82,9,0,0
BRDA:82,9,1,0
BRDA:86,10,0,0
BRDA:86,10,1,0
BRDA:88,11,0,0
BRDA:88,11,1,0
BRDA:102,12,0,0
BRDA:102,12,1,0
BRDA:110,13,0,0
BRDA:110,13,1,0
BRDA:120,14,0,0
BRDA:120,14,1,0
BRDA:125,15,0,0
BRDA:125,15,1,0
BRDA:127,16,0,0
BRDA:127,16,1,0
BRDA:127,17,0,0
BRDA:127,17,1,0
BRDA:150,18,0,0
BRDA:150,18,1,0
BRDA:154,19,0,0
BRDA:154,19,1,0
BRDA:156,20,0,0
BRDA:156,20,1,0
BRDA:156,21,0,0
BRDA:156,21,1,0
BRDA:161,22,0,0
BRDA:161,22,1,0
BRDA:175,23,0,0
BRDA:175,23,1,0
BRDA:190,24,0,0
BRDA:190,24,1,0
BRDA:210,25,0,0
BRDA:210,25,1,0
BRDA:215,26,0,0
BRDA:215,26,1,0
BRDA:215,26,2,0
BRDA:219,27,0,0
BRDA:219,27,1,0
BRDA:220,28,0,0
BRDA:220,28,1,0
BRDA:249,29,0,0
BRDA:249,29,1,0
BRDA:249,30,0,0
BRDA:249,30,1,0
BRDA:251,31,0,0
BRDA:251,31,1,0
BRDA:271,32,0,0
BRDA:271,32,1,0
BRDA:272,33,0,0
BRDA:272,33,1,0
BRDA:281,34,0,0
BRDA:281,34,1,0
BRF:70
BRH:0
end_of_record
TN:
SF:logger.js
FN:10,getTimestamp
FN:27,initializeLog
FN:39,log
FN:78,logSmsSent
FN:88,logEmailSent
FN:97,logMuteAction
FN:105,logUnmuteAction
FN:113,logAutoUnmute
FN:122,logApiFailure
FN:129,logApiRecovery
FN:136,getLogs
FN:155,getLogsJSON
FN:161,(anonymous_12)
FN:163,(anonymous_13)
FN:180,(anonymous_14)
FN:192,clearLogs
FNF:16
FNH:0
FNDA:0,getTimestamp
FNDA:0,initializeLog
FNDA:0,log
FNDA:0,logSmsSent
FNDA:0,logEmailSent
FNDA:0,logMuteAction
FNDA:0,logUnmuteAction
FNDA:0,logAutoUnmute
FNDA:0,logApiFailure
FNDA:0,logApiRecovery
FNDA:0,getLogs
FNDA:0,getLogsJSON
FNDA:0,(anonymous_12)
FNDA:0,(anonymous_13)
FNDA:0,(anonymous_14)
FNDA:0,clearLogs
DA:1,0
DA:2,0
DA:3,0
DA:5,0
DA:11,0
DA:12,0
DA:28,0
DA:29,0
DA:30,0
DA:40,0
DA:41,0
DA:44,0
DA:45,0
DA:48,0
DA:49,0
DA:50,0
DA:51,0
DA:54,0
DA:55,0
DA:56,0
DA:63,0
DA:64,0
DA:66,0
DA:69,0
DA:70,0
DA:79,0
DA:80,0
DA:89,0
DA:90,0
DA:98,0
DA:106,0
DA:114,0
DA:123,0
DA:130,0
DA:137,0
DA:138,0
DA:139,0
DA:141,0
DA:142,0
DA:143,0
DA:145,0
DA:156,0
DA:157,0
DA:158,0
DA:160,0
DA:161,0
DA:163,0
DA:165,0
DA:166,0
DA:167,0
DA:173,0
DA:175,0
DA:178,0
DA:179,0
DA:180,0
DA:183,0
DA:185,0
DA:193,0
DA:194,0
DA:195,0
DA:196,0
DA:198,0
DA:199,0
DA:203,0
LF:64
LH:0
BRDA:28,0,0,0
BRDA:28,0,1,0
BRDA:49,1,0,0
BRDA:49,1,1,0
BRDA:55,2,0,0
BRDA:55,2,1,0
BRDA:63,3,0,0
BRDA:63,3,1,0
BRDA:79,4,0,0
BRDA:79,4,1,0
BRDA:89,5,0,0
BRDA:89,5,1,0
BRDA:123,6,0,0
BRDA:123,6,1,0
BRDA:136,7,0,0
BRDA:138,8,0,0
BRDA:138,8,1,0
BRDA:155,9,0,0
BRDA:155,10,0,0
BRDA:157,11,0,0
BRDA:157,11,1,0
BRDA:161,12,0,0
BRDA:161,12,1,0
BRDA:166,13,0,0
BRDA:166,13,1,0
BRDA:170,14,0,0
BRDA:170,14,1,0
BRDA:179,15,0,0
BRDA:179,15,1,0
BRF:29
BRH:0
end_of_record
TN:
SF:scheduler.js
FN:13,loadState
FN:36,saveState
FN:48,checkAndNotifyEndpoint
FN:154,(anonymous_3)
FN:154,(anonymous_4)
FN:188,(anonymous_5)
FN:208,(anonymous_6)
FN:238,handleApiFailure
FN:302,sendApiRecoveryEmail
FN:334,sendNotifications
FN:339,(anonymous_10)
FN:350,(anonymous_11)
FN:363,(anonymous_12)
FN:608,checkAndNotify
FN:751,(anonymous_14)
FN:754,(anonymous_15)
FN:788,(anonymous_16)
FN:824,(anonymous_17)
FN:884,startScheduler
FN:916,rescheduleEndpointCheck
FN:930,(anonymous_20)
FN:947,startEndpointScheduler
FN:968,(anonymous_22)
FN:983,stopEndpointScheduler
FN:1000,stopAllSchedulers
FN:1014,restartEndpointScheduler
FN:1023,getActiveSchedulers
FNF:27
FNH:0
FNDA:0,loadState
FNDA:0,saveState
FNDA:0,checkAndNotifyEndpoint
FNDA:0,(anonymous_3)
FNDA:0,(anonymous_4)
FNDA:0,(anonymous_5)
FNDA:0,(anonymous_6)
FNDA:0,handleApiFailure
FNDA:0,sendApiRecoveryEmail
FNDA:0,sendNotifications
FNDA:0,(anonymous_10)
FNDA:0,(anonymous_11)
FNDA:0,(anonymous_12)
FNDA:0,checkAndNotify
FNDA:0,(anonymous_14)
FNDA:0,(anonymous_15)
FNDA:0,(anonymous_16)
FNDA:0,(anonymous_17)
FNDA:0,startScheduler
FNDA:0,rescheduleEndpointCheck
FNDA:0,(anonymous_20)
FNDA:0,startEndpointScheduler
FNDA:0,(anonymous_22)
FNDA:0,stopEndpointScheduler
FNDA:0,stopAllSchedulers
FNDA:0,restartEndpointScheduler
FNDA:0,getActiveSchedulers
DA:1,0
DA:2,0
DA:3,0
DA:4,0
DA:5,0
DA:6,0
DA:7,0
DA:8,0
DA:9,0
DA:11,0
DA:14,0
DA:15,0
DA:16,0
DA:18,0
DA:19,0
DA:21,0
DA:24,0
DA:26,0
DA:37,0
DA:38,0
DA:40,0
DA:49,0
DA:50,0
DA:56,0
DA:57,0
DA:59,0
DA:60,0
DA:61,0
DA:65,0
DA:66,0
DA:67,0
DA:68,0
DA:79,0
DA:83,0
DA:86,0
DA:87,0
DA:88,0
DA:89,0
DA:92,0
DA:97,0
DA:99,0
DA:100,0
DA:101,0
DA:104,0
DA:105,0
DA:109,0
DA:110,0
DA:115,0
DA:118,0
DA:119,0
DA:128,0
DA:131,0
DA:132,0
DA:133,0
DA:134,0
DA:135,0
DA:136,0
DA:138,0
DA:139,0
DA:144,0
DA:145,0
DA:151,0
DA:154,0
DA:157,0
DA:158,0
DA:159,0
DA:160,0
DA:161,0
DA:162,0
DA:166,0
DA:167,0
DA:168,0
DA:169,0
DA:170,0
DA:171,0
DA:172,0
DA:173,0
DA:178,0
DA:179,0
DA:180,0
DA:183,0
DA:188,0
DA:190,0
DA:191,0
DA:192,0
DA:195,0
DA:200,0
DA:201,0
DA:203,0
DA:208,0
DA:209,0
DA:210,0
DA:212,0
DA:213,0
DA:216,0
DA:218,0
DA:224,0
DA:227,0
DA:228,0
DA:231,0
DA:239,0
DA:240,0
DA:242,0
DA:243,0
DA:244,0
DA:246,0
DA:247,0
DA:249,0
DA:250,0
DA:251,0
DA:254,0
DA:255,0
DA:257,0
DA:276,0
DA:277,0
DA:278,0
DA:279,0
DA:280,0
DA:282,0
DA:287,0
DA:288,0
DA:289,0
DA:290,0
DA:291,0
DA:293,0
DA:303,0
DA:304,0
DA:305,0
DA:321,0
DA:322,0
DA:323,0
DA:324,0
DA:326,0
DA:335,0
DA:337,0
DA:338,0
DA:339,0
DA:343,0
DA:346,0
DA:349,0
DA:350,0
DA:351,0
DA:352,0
DA:353,0
DA:354,0
DA:355,0
DA:357,0
DA:358,0
DA:362,0
DA:363,0
DA:364,0
DA:375,0
DA:392,0
DA:393,0
DA:394,0
DA:395,0
DA:396,0
DA:397,0
DA:398,0
DA:400,0
DA:404,0
DA:408,0
DA:409,0
DA:410,0
DA:411,0
DA:412,0
DA:413,0
DA:414,0
DA:416,0
DA:420,0
DA:609,0
DA:610,0
DA:611,0
DA:612,0
DA:613,0
DA:614,0
DA:616,0
DA:619,0
DA:620,0
DA:621,0
DA:622,0
DA:623,0
DA:624,0
DA:626,0
DA:627,0
DA:628,0
DA:631,0
DA:632,0
DA:633,0
DA:636,0
DA:682,0
DA:683,0
DA:684,0
DA:687,0
DA:688,0
DA:689,0
DA:693,0
DA:694,0
DA:695,0
DA:697,0
DA:698,0
DA:699,0
DA:733,0
DA:734,0
DA:735,0
DA:738,0
DA:739,0
DA:740,0
DA:742,0
DA:743,0
DA:744,0
DA:745,0
DA:746,0
DA:750,0
DA:751,0
DA:754,0
DA:755,0
DA:757,0
DA:760,0
DA:761,0
DA:762,0
DA:763,0
DA:764,0
DA:765,0
DA:766,0
DA:767,0
DA:771,0
DA:772,0
DA:773,0
DA:774,0
DA:775,0
DA:777,0
DA:779,0
DA:780,0
DA:781,0
DA:782,0
DA:783,0
DA:786,0
DA:787,0
DA:788,0
DA:790,0
DA:791,0
DA:792,0
DA:793,0
DA:794,0
DA:824,0
DA:856,0
DA:857,0
DA:858,0
DA:859,0
DA:861,0
DA:864,0
DA:865,0
DA:866,0
DA:868,0
DA:871,0
DA:879,0
DA:885,0
DA:886,0
DA:887,0
DA:889,0
DA:891,0
DA:892,0
DA:893,0
DA:894,0
DA:897,0
DA:900,0
DA:901,0
DA:902,0
DA:904,0
DA:908,0
DA:917,0
DA:918,0
DA:919,0
DA:920,0
DA:922,0
DA:924,0
DA:925,0
DA:926,0
DA:927,0
DA:930,0
DA:931,0
DA:934,0
DA:935,0
DA:939,0
DA:949,0
DA:951,0
DA:952,0
DA:953,0
DA:955,0
DA:956,0
DA:957,0
DA:958,0
DA:959,0
DA:962,0
DA:965,0
DA:968,0
DA:969,0
DA:972,0
DA:975,0
DA:984,0
DA:985,0
DA:986,0
DA:987,0
DA:988,0
DA:989,0
DA:990,0
DA:992,0
DA:993,0
DA:1001,0
DA:1002,0
DA:1003,0
DA:1004,0
DA:1006,0
DA:1007,0
DA:1015,0
DA:1016,0
DA:1017,0
DA:1024,0
DA:1025,0
DA:1026,0
DA:1027,0
DA:1028,0
DA:1037,0
DA:1044,0
DA:1047,0
LF:326
LH:0
BRDA:15,0,0,0
BRDA:15,0,1,0
BRDA:18,1,0,0
BRDA:18,1,1,0
BRDA:65,2,0,0
BRDA:65,2,1,0
BRDA:74,3,0,0
BRDA:75,4,0,0
BRDA:76,5,0,0
BRDA:77,6,0,0
BRDA:78,7,0,0
BRDA:83,8,0,0
BRDA:83,8,1,0
BRDA:83,8,2,0
BRDA:83,8,3,0
BRDA:83,8,4,0
BRDA:83,8,5,0
BRDA:86,9,0,0
BRDA:86,9,1,0
BRDA:99,10,0,0
BRDA:99,10,1,0
BRDA:100,11,0,0
BRDA:100,11,1,0
BRDA:101,12,0,0
BRDA:101,12,1,0
BRDA:118,13,0,0
BRDA:118,13,1,0
BRDA:131,14,0,0
BRDA:131,14,1,0
BRDA:138,15,0,0
BRDA:138,15,1,0
BRDA:138,16,0,0
BRDA:138,16,1,0
BRDA:144,17,0,0
BRDA:144,17,1,0
BRDA:157,18,0,0
BRDA:157,18,1,0
BRDA:157,19,0,0
BRDA:157,19,1,0
BRDA:166,20,0,0
BRDA:166,20,1,0
BRDA:166,21,0,0
BRDA:166,21,1,0
BRDA:167,22,0,0
BRDA:167,22,1,0
BRDA:178,23,0,0
BRDA:178,23,1,0
BRDA:190,24,0,0
BRDA:190,24,1,0
BRDA:209,25,0,0
BRDA:209,25,1,0
BRDA:212,26,0,0
BRDA:212,26,1,0
BRDA:243,27,0,0
BRDA:243,27,1,0
BRDA:243,28,0,0
BRDA:243,28,1,0
BRDA:246,29,0,0
BRDA:246,30,0,0
BRDA:249,31,0,0
BRDA:249,31,1,0
BRDA:255,32,0,0
BRDA:255,32,1,0
BRDA:266,33,0,0
BRDA:266,33,1,0
BRDA:270,34,0,0
BRDA:270,34,1,0
BRDA:276,35,0,0
BRDA:276,35,1,0
BRDA:276,36,0,0
BRDA:276,36,1,0
BRDA:276,36,2,0
BRDA:287,37,0,0
BRDA:287,37,1,0
BRDA:287,38,0,0
BRDA:287,38,1,0
BRDA:287,38,2,0
BRDA:335,39,0,0
BRDA:335,40,0,0
BRDA:338,41,0,0
BRDA:338,41,1,0
BRDA:352,42,0,0
BRDA:352,42,1,0
BRDA:353,43,0,0
BRDA:353,43,1,0
BRDA:354,44,0,0
BRDA:354,44,1,0
BRDA:357,45,0,0
BRDA:357,45,1,0
BRDA:368,46,0,0
BRDA:368,46,1,0
BRDA:369,47,0,0
BRDA:369,47,1,0
BRDA:370,48,0,0
BRDA:370,48,1,0
BRDA:385,49,0,0
BRDA:385,49,1,0
BRDA:392,50,0,0
BRDA:392,50,1,0
BRDA:392,51,0,0
BRDA:392,51,1,0
BRDA:392,51,2,0
BRDA:408,52,0,0
BRDA:408,52,1,0
BRDA:408,53,0,0
BRDA:408,53,1,0
BRDA:408,53,2,0
BRDA:613,54,0,0
BRDA:613,54,1,0
BRDA:619,55,0,0
BRDA:619,55,1,0
BRDA:620,56,0,0
BRDA:620,56,1,0
BRDA:621,57,0,0
BRDA:621,57,1,0
BRDA:623,58,0,0
BRDA:623,58,1,0
BRDA:623,59,0,0
BRDA:623,59,1,0
BRDA:626,60,0,0
BRDA:626,60,1,0
BRDA:631,61,0,0
BRDA:631,61,1,0
BRDA:633,62,0,0
BRDA:633,62,1,0
BRDA:634,63,0,0
BRDA:634,63,1,0
BRDA:635,64,0,0
BRDA:635,64,1,0
BRDA:661,65,0,0
BRDA:661,65,1,0
BRDA:665,66,0,0
BRDA:665,66,1,0
BRDA:682,67,0,0
BRDA:682,67,1,0
BRDA:693,68,0,0
BRDA:693,68,1,0
BRDA:693,69,0,0
BRDA:693,69,1,0
BRDA:694,70,0,0
BRDA:694,70,1,0
BRDA:698,71,0,0
BRDA:698,71,1,0
BRDA:723,72,0,0
BRDA:723,72,1,0
BRDA:744,73,0,0
BRDA:744,73,1,0
BRDA:744,74,0,0
BRDA:744,74,1,0
BRDA:750,75,0,0
BRDA:750,75,1,0
BRDA:751,76,0,0
BRDA:751,76,1,0
BRDA:755,77,0,0
BRDA:755,77,1,0
BRDA:760,78,0,0
BRDA:760,78,1,0
BRDA:760,79,0,0
BRDA:760,79,1,0
BRDA:763,80,0,0
BRDA:763,80,1,0
BRDA:771,81,0,0
BRDA:771,81,1,0
BRDA:771,82,0,0
BRDA:771,82,1,0
BRDA:779,83,0,0
BRDA:779,83,1,0
BRDA:788,84,0,0
BRDA:788,84,1,0
BRDA:788,85,0,0
BRDA:788,85,1,0
BRDA:792,86,0,0
BRDA:792,86,1,0
BRDA:826,87,0,0
BRDA:826,87,1,0
BRDA:827,88,0,0
BRDA:827,88,1,0
BRDA:834,89,0,0
BRDA:834,89,1,0
BRDA:857,90,0,0
BRDA:857,90,1,0
BRDA:864,91,0,0
BRDA:864,91,1,0
BRDA:891,92,0,0
BRDA:891,92,1,0
BRDA:919,93,0,0
BRDA:919,93,1,0
BRDA:920,94,0,0
BRDA:920,94,1,0
BRDA:924,95,0,0
BRDA:924,95,1,0
BRDA:925,96,0,0
BRDA:925,96,1,0
BRDA:953,97,0,0
BRDA:953,97,1,0
BRDA:956,98,0,0
BRDA:956,98,1,0
BRDA:958,99,0,0
BRDA:958,99,1,0
BRDA:958,100,0,0
BRDA:958,100,1,0
BRDA:959,101,0,0
BRDA:959,101,1,0
BRDA:959,102,0,0
BRDA:959,102,1,0
BRDA:984,103,0,0
BRDA:984,103,1,0
BRDA:1030,104,0,0
BRDA:1030,104,1,0
BRF:209
BRH:0
end_of_record
TN:
SF:server.js
FN:7,getDhakaTime
FN:23,main
FN:37,(anonymous_2)
FN:56,(anonymous_3)
FN:61,(anonymous_4)
FNF:5
FNH:0
FNDA:0,getDhakaTime
FNDA:0,main
FNDA:0,(anonymous_2)
FNDA:0,(anonymous_3)
FNDA:0,(anonymous_4)
DA:1,0
DA:2,0
DA:8,0
DA:24,0
DA:25,0
DA:27,0
DA:29,0
DA:30,0
DA:31,0
DA:33,0
DA:35,0
DA:36,0
DA:37,0
DA:38,0
DA:39,0
DA:40,0
DA:42,0
DA:45,0
DA:47,0
DA:48,0
DA:49,0
DA:51,0
DA:56,0
DA:57,0
DA:58,0
DA:61,0
DA:62,0
DA:63,0
DA:67,0
DA:68,0
DA:73,0
LF:31
LH:0
BRDA:35,0,0,0
BRDA:35,0,1,0
BRDA:47,1,0,0
BRDA:47,1,1,0
BRF:4
BRH:0
end_of_record
TN:
SF:sms.js
FN:11,sendSMS
FNF:1
FNH:0
FNDA:0,sendSMS
DA:1,0
DA:2,0
DA:3,0
DA:12,0
DA:13,0
DA:16,0
DA:18,0
DA:19,0
DA:20,0
DA:23,0
DA:24,0
DA:27,0
DA:28,0
DA:29,0
DA:30,0
DA:33,0
DA:34,0
DA:36,0
DA:37,0
DA:39,0
DA:41,0
DA:42,0
DA:43,0
DA:45,0
DA:49,0
LF:25
LH:0
BRDA:16,0,0,0
BRDA:16,0,1,0
BRDA:18,1,0,0
BRDA:18,1,1,0
BRDA:29,2,0,0
BRDA:29,2,1,0
BRDA:42,3,0,0
BRDA:42,3,1,0
BRF:8
BRH:0
end_of_record
